2023-10-11 18:50:57,093 [INFO] Activator:176 - 


2023-10-11 18:50:57,095 [INFO] Activator:177 - !SESSION log4j initialized
2023-10-11 18:50:59,546 [INFO] LogOutputStream:77 - [STDOUT_REDIRECT] 
2023-10-11 18:51:05,951 [INFO] ApplicationProperties:184 - Using Application install path: C:\ST\STM32CubeIDE_1.12.0\STM32CubeIDE\plugins\com.st.stm32cube.common.mx_6.9.2.202309101412
2023-10-11 18:51:05,965 [INFO] DbMcusXml:78 - Set database path to: C:\ST\STM32CubeIDE_1.12.0\STM32CubeIDE\plugins\com.st.stm32cube.common.mx_6.9.2.202309101412\\db\/mcu/
2023-10-11 18:51:05,965 [INFO] ApiDb:274 - Set plugin database path to: C:\ST\STM32CubeIDE_1.12.0\STM32CubeIDE\plugins\com.st.stm32cube.common.mx_6.9.2.202309101412\\db\/plugins/boardmanager/
2023-10-11 18:51:05,976 [WARN] ApiDb:259 - Overriding images path with different value:  => C:\ST\STM32CubeIDE_1.12.0\STM32CubeIDE\plugins\com.st.stm32cube.common.mx_6.9.2.202309101412\\db\/plugins/mcufinder/images/
2023-10-11 18:51:05,989 [INFO] ApiDb:250 - Set database path to: C:\Users\Joshi\.stmcufinder\plugins\mcufinder//mcu/
2023-10-11 18:51:05,990 [INFO] DbMcusAds:125 - Set database path to: C:\Users\Joshi\.stmcufinder\plugins\mcufinder//mcu/
2023-10-11 18:51:05,992 [INFO] CrossReferenceDbSqlite:203 - Set database path to: C:\Users\Joshi\.stmcufinder\plugins\mcufinder//mcu/cs/
2023-10-11 18:51:06,075 [INFO] RulesReader:64 - Compatibility file has been processed (293 Rules)
2023-10-11 18:51:06,159 [INFO] DbMcusXml:78 - Set database path to: C:\ST\STM32CubeIDE_1.12.0\STM32CubeIDE\plugins\com.st.stm32cube.common.mx_6.9.2.202309101412\\db\/mcu/
2023-10-11 18:51:06,159 [INFO] ApiDb:274 - Set plugin database path to: C:\ST\STM32CubeIDE_1.12.0\STM32CubeIDE\plugins\com.st.stm32cube.common.mx_6.9.2.202309101412\\db\/plugins/boardmanager/
2023-10-11 18:51:06,159 [INFO] ApiDb:261 - Set plugin images path to: C:\ST\STM32CubeIDE_1.12.0\STM32CubeIDE\plugins\com.st.stm32cube.common.mx_6.9.2.202309101412\\db\/plugins/mcufinder/images/
2023-10-11 18:51:06,159 [WARN] DbFile:41 - Overriding database path with different value: C:\Users\Joshi\.stmcufinder\plugins\mcufinder/ => C:\Users\Joshi\.stmcufinder\plugins\mcufinder
2023-10-11 18:51:06,159 [INFO] ApiDb:250 - Set database path to: C:\Users\Joshi\.stmcufinder\plugins\mcufinder//mcu/
2023-10-11 18:51:06,159 [WARN] DbFile:41 - Overriding database path with different value: C:\Users\Joshi\.stmcufinder\plugins\mcufinder/ => C:\Users\Joshi\.stmcufinder\plugins\mcufinder
2023-10-11 18:51:06,159 [INFO] DbMcusAds:125 - Set database path to: C:\Users\Joshi\.stmcufinder\plugins\mcufinder//mcu/
2023-10-11 18:51:06,159 [WARN] DbFile:41 - Overriding database path with different value: C:\Users\Joshi\.stmcufinder\plugins\mcufinder/ => C:\Users\Joshi\.stmcufinder\plugins\mcufinder
2023-10-11 18:51:06,159 [WARN] DbFile:41 - Overriding database path with different value: C:\Users\Joshi\.stmcufinder\plugins\mcufinder/ => C:\Users\Joshi\.stmcufinder\plugins\mcufinder
2023-10-11 18:51:06,160 [INFO] CrossReferenceDbSqlite:203 - Set database path to: C:\Users\Joshi\.stmcufinder\plugins\mcufinder//mcu/cs/
2023-10-11 18:51:06,221 [INFO] MainPanel:262 - HeapMemory: 268435456
2023-10-11 18:51:06,292 [INFO] DbMcusXml:78 - Set database path to: C:\ST\STM32CubeIDE_1.12.0\STM32CubeIDE\plugins\com.st.stm32cube.common.mx_6.9.2.202309101412\\db\/mcu/
2023-10-11 18:51:06,292 [INFO] ApiDb:274 - Set plugin database path to: C:\ST\STM32CubeIDE_1.12.0\STM32CubeIDE\plugins\com.st.stm32cube.common.mx_6.9.2.202309101412\\db\/plugins/boardmanager/
2023-10-11 18:51:06,292 [INFO] ApiDb:261 - Set plugin images path to: C:\ST\STM32CubeIDE_1.12.0\STM32CubeIDE\plugins\com.st.stm32cube.common.mx_6.9.2.202309101412\\db\/plugins/mcufinder/images/
2023-10-11 18:51:06,292 [WARN] DbFile:41 - Overriding database path with different value: C:\Users\Joshi\.stmcufinder\plugins\mcufinder/ => C:\Users\Joshi\.stmcufinder\plugins\mcufinder
2023-10-11 18:51:06,292 [INFO] ApiDb:250 - Set database path to: C:\Users\Joshi\.stmcufinder\plugins\mcufinder//mcu/
2023-10-11 18:51:06,292 [WARN] DbFile:41 - Overriding database path with different value: C:\Users\Joshi\.stmcufinder\plugins\mcufinder/ => C:\Users\Joshi\.stmcufinder\plugins\mcufinder
2023-10-11 18:51:06,292 [INFO] DbMcusAds:125 - Set database path to: C:\Users\Joshi\.stmcufinder\plugins\mcufinder//mcu/
2023-10-11 18:51:06,292 [WARN] DbFile:41 - Overriding database path with different value: C:\Users\Joshi\.stmcufinder\plugins\mcufinder/ => C:\Users\Joshi\.stmcufinder\plugins\mcufinder
2023-10-11 18:51:06,292 [WARN] DbFile:41 - Overriding database path with different value: C:\Users\Joshi\.stmcufinder\plugins\mcufinder/ => C:\Users\Joshi\.stmcufinder\plugins\mcufinder
2023-10-11 18:51:06,293 [INFO] CrossReferenceDbSqlite:203 - Set database path to: C:\Users\Joshi\.stmcufinder\plugins\mcufinder//mcu/cs/
2023-10-11 18:51:06,307 [INFO] ApplicationProperties:184 - Using Application install path: C:\ST\STM32CubeIDE_1.12.0\STM32CubeIDE\plugins\com.st.stm32cube.common.mx_6.9.2.202309101412
2023-10-11 18:51:06,308 [INFO] PluginManage:196 - Search for loadable plugins [exclusion list=, ]
2023-10-11 18:51:06,308 [INFO] PluginManage:310 - Check plugin analytics
2023-10-11 18:51:10,950 [INFO] AnalyticsPlugin:253 - Accepted Software Licenses: 
2023-10-11 18:51:10,950 [INFO] AnalyticsPlugin:255 - Accepted CMSIS Pack Licenses: 
2023-10-11 18:51:10,950 [INFO] AnalyticsPlugin:257 - Accepted Firmware Licenses: 
2023-10-11 18:51:10,952 [INFO] PluginManage:359 - Loaded plugin analytics (category:tool,tabindex:-1)
2023-10-11 18:51:10,953 [INFO] PluginManage:310 - Check plugin cadmodel
2023-10-11 18:51:10,964 [INFO] CADModel:105 - Init CAD model plugin
2023-10-11 18:51:10,964 [INFO] PluginManage:359 - Loaded plugin cadmodel (category:power,tabindex:5)
2023-10-11 18:51:10,964 [INFO] PluginManage:310 - Check plugin clock
2023-10-11 18:51:10,978 [INFO] PluginManage:359 - Loaded plugin clock (category:base,tabindex:2)
2023-10-11 18:51:10,978 [INFO] PluginManage:310 - Check plugin ddr
2023-10-11 18:51:10,980 [INFO] PluginManage:359 - Loaded plugin ddr (category:tool,tabindex:6)
2023-10-11 18:51:10,980 [INFO] PluginManage:310 - Check plugin filemanager
2023-10-11 18:51:11,075 [INFO] PluginManage:359 - Loaded plugin filemanager (category:base,tabindex:10)
2023-10-11 18:51:11,075 [INFO] PluginManage:310 - Check plugin ipmanager
2023-10-11 18:51:11,080 [INFO] PluginManage:359 - Loaded plugin ipmanager (category:base,tabindex:5)
2023-10-11 18:51:11,080 [INFO] PluginManage:310 - Check plugin lpbam
2023-10-11 18:51:11,093 [INFO] PluginManage:359 - Loaded plugin lpbam (category:base,tabindex:0)
2023-10-11 18:51:11,093 [INFO] PluginManage:310 - Check plugin memorymap
2023-10-11 18:51:11,110 [INFO] PluginManage:359 - Loaded plugin memorymap (category:base,tabindex:4)
2023-10-11 18:51:11,110 [INFO] PluginManage:310 - Check plugin pinoutandconfiguration
2023-10-11 18:51:11,123 [INFO] PluginManage:359 - Loaded plugin pinoutandconfiguration (category:base,tabindex:1)
2023-10-11 18:51:11,123 [INFO] PluginManage:310 - Check plugin pinoutconfig
2023-10-11 18:51:11,197 [WARN] SupportedApi:132 - Cannot load RTOS API schema: s4s-elt-must-match.1: The content of 'definitions' must match (annotation?, (simpleType | complexType)?, (unique | key | keyref)*)). A problem was found starting at: attribute.
2023-10-11 18:51:11,292 [INFO] PluginManage:359 - Loaded plugin pinoutconfig (category:base,tabindex:0)
2023-10-11 18:51:11,292 [INFO] PluginManage:310 - Check plugin power
2023-10-11 18:51:11,307 [INFO] PluginManage:359 - Loaded plugin power (category:power,tabindex:4)
2023-10-11 18:51:11,307 [INFO] PluginManage:310 - Check plugin projectmanager
2023-10-11 18:51:11,317 [INFO] PluginManage:359 - Loaded plugin projectmanager (category:projectmanager,tabindex:3)
2023-10-11 18:51:11,317 [INFO] PluginManage:310 - Check plugin thirdparty
2023-10-11 18:51:11,506 [INFO] PluginManage:359 - Loaded plugin thirdparty (category:base,tabindex:-1)
2023-10-11 18:51:11,507 [INFO] PluginManage:310 - Check plugin tools
2023-10-11 18:51:11,507 [WARN] IntegrityCheckThread:84 - waiting for thirdparty lock release [integrity check]
2023-10-11 18:51:11,507 [INFO] IntegrityCheckThread:86 - entering critical section [integrity check]
2023-10-11 18:51:11,507 [INFO] ThirdPartyUpdaterWithRetryManager:70 - Updater plugin not ready yet. [1/15]
2023-10-11 18:51:11,529 [INFO] PluginManage:359 - Loaded plugin tools (category:base,tabindex:7)
2023-10-11 18:51:11,529 [INFO] PluginManage:310 - Check plugin tutovideos
2023-10-11 18:51:11,681 [INFO] PluginManage:359 - Loaded plugin tutovideos (category:base,tabindex:-1)
2023-10-11 18:51:11,682 [INFO] PluginManage:310 - Check plugin updater
2023-10-11 18:51:11,690 [INFO] PluginManage:359 - Loaded plugin updater (category:base,tabindex:12)
2023-10-11 18:51:11,691 [INFO] PluginManage:310 - Check plugin userauth
2023-10-11 18:51:11,695 [INFO] UserAuth:113 - Init User Auth plugin
2023-10-11 18:51:11,695 [INFO] PluginManage:359 - Loaded plugin userauth (category:base,tabindex:14)
2023-10-11 18:51:11,695 [INFO] PluginManage:283 - PluginManage : Loaded plugins [17]
2023-10-11 18:51:11,856 [INFO] PinOutPanel:1499 - setPackage(No Configuration,No Configuration)
2023-10-11 18:51:11,932 [INFO] CADModel:165 - CPN selected for project level
2023-10-11 18:51:11,932 [INFO] CADModel:114 - Register for checkConnection events
2023-10-11 18:51:11,950 [INFO] IPUIPlugin:80 - create IPUIPlugin
2023-10-11 18:51:11,950 [INFO] PluginManager:220 - loadIPPluginJar : add adc
2023-10-11 18:51:11,974 [INFO] IPUIPlugin:80 - create IPUIPlugin
2023-10-11 18:51:11,974 [INFO] PluginManager:220 - loadIPPluginJar : add aes
2023-10-11 18:51:12,002 [INFO] IPUIPlugin:80 - create IPUIPlugin
2023-10-11 18:51:12,002 [INFO] PluginManager:220 - loadIPPluginJar : add can
2023-10-11 18:51:12,017 [INFO] IPUIPlugin:80 - create IPUIPlugin
2023-10-11 18:51:12,017 [INFO] PluginManager:220 - loadIPPluginJar : add comp
2023-10-11 18:51:12,038 [INFO] IPUIPlugin:80 - create IPUIPlugin
2023-10-11 18:51:12,038 [INFO] PluginManager:220 - loadIPPluginJar : add cryp
2023-10-11 18:51:12,057 [INFO] IPUIPlugin:80 - create IPUIPlugin
2023-10-11 18:51:12,057 [INFO] PluginManager:220 - loadIPPluginJar : add dfsdm
2023-10-11 18:51:12,067 [INFO] IPUIPlugin:80 - create IPUIPlugin
2023-10-11 18:51:12,067 [INFO] PluginManager:220 - loadIPPluginJar : add dma
2023-10-11 18:51:12,095 [INFO] IPUIPlugin:80 - create IPUIPlugin
2023-10-11 18:51:12,095 [INFO] PluginManager:220 - loadIPPluginJar : add dma3
2023-10-11 18:51:12,108 [INFO] IPUIPlugin:80 - create IPUIPlugin
2023-10-11 18:51:12,108 [INFO] PluginManager:220 - loadIPPluginJar : add fatfs
2023-10-11 18:51:12,138 [INFO] IPUIPlugin:80 - create IPUIPlugin
2023-10-11 18:51:12,139 [INFO] PluginManager:220 - loadIPPluginJar : add fmc
2023-10-11 18:51:12,150 [INFO] IPUIPlugin:80 - create IPUIPlugin
2023-10-11 18:51:12,150 [INFO] PluginManager:220 - loadIPPluginJar : add freertos
2023-10-11 18:51:12,164 [INFO] IPUIPlugin:80 - create IPUIPlugin
2023-10-11 18:51:12,164 [INFO] PluginManager:220 - loadIPPluginJar : add genericplugin
2023-10-11 18:51:12,220 [INFO] IPUIPlugin:80 - create IPUIPlugin
2023-10-11 18:51:12,220 [INFO] PluginManager:220 - loadIPPluginJar : add gfxmmu
2023-10-11 18:51:12,300 [INFO] IPUIPlugin:80 - create IPUIPlugin
2023-10-11 18:51:12,300 [INFO] PluginManager:220 - loadIPPluginJar : add gic
2023-10-11 18:51:12,310 [INFO] IPUIPlugin:80 - create IPUIPlugin
2023-10-11 18:51:12,310 [INFO] PluginManager:220 - loadIPPluginJar : add gpio
2023-10-11 18:51:12,370 [INFO] IPUIPlugin:80 - create IPUIPlugin
2023-10-11 18:51:12,370 [INFO] PluginManager:220 - loadIPPluginJar : add gtzc
2023-10-11 18:51:12,389 [INFO] IPUIPlugin:80 - create IPUIPlugin
2023-10-11 18:51:12,389 [INFO] PluginManager:220 - loadIPPluginJar : add hash
2023-10-11 18:51:12,421 [INFO] IPUIPlugin:80 - create IPUIPlugin
2023-10-11 18:51:12,421 [INFO] PluginManager:220 - loadIPPluginJar : add i2c
2023-10-11 18:51:12,446 [INFO] IPUIPlugin:80 - create IPUIPlugin
2023-10-11 18:51:12,446 [INFO] PluginManager:220 - loadIPPluginJar : add i2s
2023-10-11 18:51:12,472 [INFO] IPUIPlugin:80 - create IPUIPlugin
2023-10-11 18:51:12,472 [INFO] PluginManager:220 - loadIPPluginJar : add i3c
2023-10-11 18:51:12,540 [INFO] IPUIPlugin:80 - create IPUIPlugin
2023-10-11 18:51:12,540 [INFO] PluginManager:220 - loadIPPluginJar : add ipddr
2023-10-11 18:51:12,597 [INFO] IPUIPlugin:80 - create IPUIPlugin
2023-10-11 18:51:12,597 [INFO] PluginManager:220 - loadIPPluginJar : add linkedlist
2023-10-11 18:51:12,620 [INFO] IPUIPlugin:80 - create IPUIPlugin
2023-10-11 18:51:12,620 [INFO] PluginManager:220 - loadIPPluginJar : add lorawan
2023-10-11 18:51:12,646 [INFO] IPUIPlugin:80 - create IPUIPlugin
2023-10-11 18:51:12,646 [INFO] PluginManager:220 - loadIPPluginJar : add ltdc
2023-10-11 18:51:12,657 [INFO] IPUIPlugin:80 - create IPUIPlugin
2023-10-11 18:51:12,657 [INFO] PluginManager:220 - loadIPPluginJar : add mdma
2023-10-11 18:51:12,667 [INFO] IPUIPlugin:80 - create IPUIPlugin
2023-10-11 18:51:12,667 [INFO] PluginManager:220 - loadIPPluginJar : add nvic
2023-10-11 18:51:12,691 [INFO] IPUIPlugin:80 - create IPUIPlugin
2023-10-11 18:51:12,691 [INFO] PluginManager:220 - loadIPPluginJar : add opamp
2023-10-11 18:51:12,729 [INFO] IPUIPlugin:80 - create IPUIPlugin
2023-10-11 18:51:12,729 [INFO] PluginManager:220 - loadIPPluginJar : add openamp
2023-10-11 18:51:12,756 [INFO] IPUIPlugin:80 - create IPUIPlugin
2023-10-11 18:51:12,757 [INFO] PluginManager:220 - loadIPPluginJar : add pdm2pcm
2023-10-11 18:51:12,767 [INFO] IPUIPlugin:80 - create IPUIPlugin
2023-10-11 18:51:12,769 [INFO] PluginManager:220 - loadIPPluginJar : add plateformsettings
2023-10-11 18:51:12,784 [INFO] IPUIPlugin:80 - create IPUIPlugin
2023-10-11 18:51:12,784 [INFO] PluginManager:220 - loadIPPluginJar : add quadspi
2023-10-11 18:51:12,794 [INFO] IPUIPlugin:80 - create IPUIPlugin
2023-10-11 18:51:12,794 [INFO] PluginManager:220 - loadIPPluginJar : add resmgrutility
2023-10-11 18:51:12,826 [INFO] IPUIPlugin:80 - create IPUIPlugin
2023-10-11 18:51:12,826 [INFO] PluginManager:220 - loadIPPluginJar : add sai
2023-10-11 18:51:12,850 [INFO] IPUIPlugin:80 - create IPUIPlugin
2023-10-11 18:51:12,850 [INFO] PluginManager:220 - loadIPPluginJar : add spi
2023-10-11 18:51:12,889 [INFO] IPUIPlugin:80 - create IPUIPlugin
2023-10-11 18:51:12,889 [INFO] PluginManager:220 - loadIPPluginJar : add stm32_wpan
2023-10-11 18:51:12,905 [INFO] IPUIPlugin:80 - create IPUIPlugin
2023-10-11 18:51:12,905 [INFO] PluginManager:220 - loadIPPluginJar : add tim
2023-10-11 18:51:12,940 [INFO] IPUIPlugin:80 - create IPUIPlugin
2023-10-11 18:51:12,940 [INFO] PluginManager:220 - loadIPPluginJar : add touchsensing
2023-10-11 18:51:12,955 [INFO] IPUIPlugin:80 - create IPUIPlugin
2023-10-11 18:51:12,955 [INFO] PluginManager:220 - loadIPPluginJar : add tracer_emb
2023-10-11 18:51:12,969 [INFO] IPUIPlugin:80 - create IPUIPlugin
2023-10-11 18:51:12,969 [INFO] PluginManager:220 - loadIPPluginJar : add ts
2023-10-11 18:51:12,983 [INFO] IPUIPlugin:80 - create IPUIPlugin
2023-10-11 18:51:12,983 [INFO] PluginManager:220 - loadIPPluginJar : add tsc
2023-10-11 18:51:12,999 [INFO] IPUIPlugin:80 - create IPUIPlugin
2023-10-11 18:51:12,999 [INFO] PluginManager:220 - loadIPPluginJar : add ucpd
2023-10-11 18:51:13,028 [INFO] IPUIPlugin:80 - create IPUIPlugin
2023-10-11 18:51:13,028 [INFO] PluginManager:220 - loadIPPluginJar : add usart
2023-10-11 18:51:13,056 [INFO] IPUIPlugin:80 - create IPUIPlugin
2023-10-11 18:51:13,056 [INFO] PluginManager:220 - loadIPPluginJar : add usbx
2023-10-11 18:51:13,168 [INFO] CADModel:165 - CPN selected for project level
2023-10-11 18:51:13,168 [INFO] CADModel:114 - Register for checkConnection events
2023-10-11 18:51:13,168 [FATAL] Updater:308 - Updater called before beeing initialized
2023-10-11 18:51:13,168 [ERROR] CADModel:125 - Updater not yet initialized, retry later 
2023-10-11 18:51:13,298 [INFO] CADModel:165 - CPN selected for project level
2023-10-11 18:51:13,298 [INFO] CADModel:114 - Register for checkConnection events
2023-10-11 18:51:13,298 [FATAL] Updater:308 - Updater called before beeing initialized
2023-10-11 18:51:13,298 [ERROR] CADModel:125 - Updater not yet initialized, retry later 
2023-10-11 18:51:13,302 [FATAL] Updater:308 - Updater called before beeing initialized
2023-10-11 18:51:13,378 [FATAL] Updater:308 - Updater called before beeing initialized
2023-10-11 18:51:13,384 [INFO] DbMcusAds:53 - JSON generation date=Tue Mar 07 09:50:55 CET 2023 (1678179055114)
2023-10-11 18:51:13,384 [FATAL] Updater:308 - Updater called before beeing initialized
2023-10-11 18:51:13,454 [WARN] DetailPanel:346 - Failed to get advertising image, set to default
2023-10-11 18:51:13,536 [FATAL] Updater:308 - Updater called before beeing initialized
2023-10-11 18:51:13,538 [FATAL] Updater:308 - Updater called before beeing initialized
2023-10-11 18:51:13,538 [FATAL] Updater:308 - Updater called before beeing initialized
2023-10-11 18:51:13,538 [WARN] DetailPanel:346 - Failed to get advertising image, set to default
2023-10-11 18:51:13,539 [FATAL] Updater:308 - Updater called before beeing initialized
2023-10-11 18:51:13,580 [ERROR] Updater:1120 - MainUpdater not yet initialized. External WinMGr cannot be set.
2023-10-11 18:51:13,587 [INFO] Updater:1056 - Updater Version found : 6.9.2
2023-10-11 18:51:13,604 [INFO] ApplicationProperties:184 - Using Application install path: C:\ST\STM32CubeIDE_1.12.0\STM32CubeIDE\plugins\com.st.stm32cube.common.mx_6.9.2.202309101412
2023-10-11 18:51:13,971 [INFO] MainUpdater:2868 - connection check result : 10
2023-10-11 18:51:13,971 [INFO] MainUpdater:285 - Updater Check For Update Now.
2023-10-11 18:51:13,971 [INFO] MicroXplorer:498 - Change Database Version : DB.6.0.92
2023-10-11 18:51:13,983 [INFO] McuFinderGlobals:63 - Set McuFinder mode to 2 (CubeIDE integrated)
2023-10-11 18:51:14,151 [INFO] CheckServerUpdateThread:120 - End of CheckServer Thread
2023-10-11 18:51:14,660 [WARN] PackLoader:240 - Cannot read IP mode file for STMicroelectronics.X-CUBE-SMBUS.2.1.0
2023-10-11 18:51:14,694 [WARN] PackLoader:240 - Cannot read IP mode file for STMicroelectronics.X-CUBE-AZRTOS-F7.1.1.0
2023-10-11 18:51:14,718 [WARN] PackLoader:240 - Cannot read IP mode file for STMicroelectronics.FP-SNS-MOTENV1.4.3.2
2023-10-11 18:51:14,740 [WARN] PackLoader:240 - Cannot read IP mode file for STMicroelectronics.X-CUBE-BLE1.6.2.4
2023-10-11 18:51:14,753 [WARN] PackLoader:240 - Cannot read IP mode file for STMicroelectronics.FP-SNS-FLIGHT1.5.0.2
2023-10-11 18:51:14,770 [WARN] PackLoader:240 - Cannot read IP mode file for STMicroelectronics.X-CUBE-DISPLAY.3.0.0
2023-10-11 18:51:14,788 [WARN] PackLoader:240 - Cannot read IP mode file for STMicroelectronics.X-CUBE-BLE1.7.0.0
2023-10-11 18:51:14,801 [WARN] PackLoader:240 - Cannot read IP mode file for STMicroelectronics.X-CUBE-TOUCHGFX.4.22.1
2023-10-11 18:51:14,811 [WARN] PackLoader:240 - Cannot read IP mode file for STMicroelectronics.FP-SNS-SMARTAG2.1.2.0
2023-10-11 18:51:14,830 [INFO] LogOutputStream:77 - [STDOUT_REDIRECT] 1 : Invalid condition id : UX_CORESTACK_Condition cause : null
2023-10-11 18:51:14,831 [INFO] LogOutputStream:77 - [STDOUT_REDIRECT] 1 : Invalid condition id : UX_CORESTACK_Condition cause : null
2023-10-11 18:51:14,832 [INFO] LogOutputStream:77 - [STDOUT_REDIRECT] 1 : Invalid condition id : UX_CORESTACK_Condition cause : null
2023-10-11 18:51:14,833 [INFO] LogOutputStream:77 - [STDOUT_REDIRECT] 1 : Invalid condition id : UX_CORESTACK_Condition cause : null
2023-10-11 18:51:14,835 [INFO] LogOutputStream:77 - [STDOUT_REDIRECT] 1 : Invalid condition id : UX_CORESTACK_Condition cause : null
2023-10-11 18:51:14,839 [WARN] PackLoader:240 - Cannot read IP mode file for STMicroelectronics.X-CUBE-AZRTOS-WL.2.0.0
2023-10-11 18:51:14,859 [WARN] PackLoader:240 - Cannot read IP mode file for WES.I-CUBE-Cesium.1.3.0
2023-10-11 18:51:14,872 [WARN] PackLoader:240 - Cannot read IP mode file for STMicroelectronics.X-CUBE-BLE2.3.3.0
2023-10-11 18:51:14,889 [WARN] PackLoader:240 - Cannot read IP mode file for STMicroelectronics.X-CUBE-TOF1.3.2.0
2023-10-11 18:51:14,904 [WARN] PackLoader:240 - Cannot read IP mode file for emotas.I-CUBE-CANOPEN.1.2.0
2023-10-11 18:51:14,913 [WARN] PackLoader:240 - Cannot read IP mode file for STMicroelectronics.X-CUBE-TOUCHGFX.4.21.1
2023-10-11 18:51:14,923 [WARN] PackLoader:240 - Cannot read IP mode file for STMicroelectronics.X-CUBE-ALGOBUILD.1.3.0
2023-10-11 18:51:14,944 [WARN] PackLoader:240 - Cannot read IP mode file for STMicroelectronics.X-CUBE-AZRTOS-G0.1.1.0
2023-10-11 18:51:14,956 [WARN] PackLoader:240 - Cannot read IP mode file for STMicroelectronics.X-CUBE-NFC4.3.0.0
2023-10-11 18:51:14,967 [WARN] PackLoader:240 - Cannot read IP mode file for STMicroelectronics.FP-ATR-SIGFOX1.3.2.0
2023-10-11 18:51:15,026 [WARN] PackLoader:240 - Cannot read IP mode file for STMicroelectronics.X-CUBE-MEMS1.9.5.0
2023-10-11 18:51:15,150 [WARN] PackLoader:240 - Cannot read IP mode file for SEGGER.I-CUBE-embOS.1.3.1
2023-10-11 18:51:15,187 [WARN] PackLoader:240 - Cannot read IP mode file for STMicroelectronics.X-CUBE-GNSS1.6.0.0
2023-10-11 18:51:15,210 [WARN] PackLoader:240 - Cannot read IP mode file for STMicroelectronics.X-CUBE-AZRTOS-F4.1.1.0
2023-10-11 18:51:15,242 [WARN] PackLoader:240 - Cannot read IP mode file for STMicroelectronics.X-CUBE-AZRTOS-L5.2.0.0
2023-10-11 18:51:15,302 [WARN] PackLoader:240 - Cannot read IP mode file for STMicroelectronics.X-CUBE-MEMS1.9.6.0
2023-10-11 18:51:15,397 [WARN] PackLoader:240 - Cannot read IP mode file for ITTIA_DB.I-CUBE-ITTIADB.8.8.0
2023-10-11 18:51:15,410 [WARN] PackLoader:240 - Cannot read IP mode file for STMicroelectronics.X-CUBE-BLEMGR.2.0.0
2023-10-11 18:51:15,434 [WARN] ConditionMgr:438 - getConditionDescription Invalid condition id : UX DEVICE CLASS RTOS Condition cause : null
2023-10-11 18:51:15,434 [WARN] ConditionMgr:438 - getConditionDescription Invalid condition id : UX DEVICE CLASS RTOS Condition cause : null
2023-10-11 18:51:15,437 [WARN] PackLoader:240 - Cannot read IP mode file for STMicroelectronics.X-CUBE-AZRTOS-H7.3.1.0
2023-10-11 18:51:15,437 [WARN] ConditionMgr:1039 - genDependencies : Invalid condition id : UX DEVICE CLASS RTOS Condition cause : null
2023-10-11 18:51:15,438 [WARN] ConditionMgr:1039 - genDependencies : Invalid condition id : UX DEVICE CLASS RTOS Condition cause : null
2023-10-11 18:51:15,438 [WARN] ConditionMgr:1039 - genDependencies : Invalid condition id : UX DEVICE CLASS RTOS Condition cause : null
2023-10-11 18:51:15,438 [WARN] ConditionMgr:1039 - genDependencies : Invalid condition id : UX DEVICE CLASS RTOS Condition cause : null
2023-10-11 18:51:15,438 [WARN] ConditionMgr:1039 - genDependencies : Invalid condition id : UX DEVICE CLASS RTOS Condition cause : null
2023-10-11 18:51:15,451 [WARN] PackLoader:240 - Cannot read IP mode file for wolfSSL.I-CUBE-wolfSSL.5.5.4
2023-10-11 18:51:15,463 [WARN] PackLoader:240 - Cannot read IP mode file for STMicroelectronics.X-CUBE-NFC7.1.0.1
2023-10-11 18:51:15,473 [WARN] PackLoader:240 - Cannot read IP mode file for STMicroelectronics.X-CUBE-NFC7.1.0.0
2023-10-11 18:51:15,489 [WARN] PackLoader:240 - Cannot read IP mode file for STMicroelectronics.X-CUBE-NFC6.3.0.0
2023-10-11 18:51:15,502 [WARN] PackLoader:240 - Cannot read IP mode file for STMicroelectronics.X-CUBE-EEPRMA1.4.1.0
2023-10-11 18:51:15,512 [WARN] PackLoader:240 - Cannot read IP mode file for STMicroelectronics.X-CUBE-AI.8.1.0
2023-10-11 18:51:15,537 [WARN] ConditionMgr:438 - getConditionDescription Invalid condition id : LAN8742 Phy interface Condition cause : null
2023-10-11 18:51:15,538 [WARN] PackLoader:240 - Cannot read IP mode file for STMicroelectronics.X-CUBE-AZRTOS-L4.2.0.0
2023-10-11 18:51:15,539 [WARN] ConditionMgr:1039 - genDependencies : Invalid condition id : LAN8742 Phy interface Condition cause : null
2023-10-11 18:51:15,539 [WARN] ConditionMgr:1039 - genDependencies : Invalid condition id : LAN8742 Phy interface Condition cause : null
2023-10-11 18:51:15,539 [WARN] ConditionMgr:1039 - genDependencies : Invalid condition id : LAN8742 Phy interface Condition cause : null
2023-10-11 18:51:15,552 [WARN] PackLoader:240 - Cannot read IP mode file for STMicroelectronics.X-CUBE-SFXS2LP1.4.0.0
2023-10-11 18:51:15,578 [WARN] PackLoader:240 - Cannot read IP mode file for STMicroelectronics.X-CUBE-AZRTOS-H7.3.0.0
2023-10-11 18:51:15,590 [WARN] PackLoader:240 - Cannot read IP mode file for STMicroelectronics.X-CUBE-ISPU.1.1.0
2023-10-11 18:51:15,603 [WARN] PackLoader:240 - Cannot read IP mode file for RoweBots.I-CUBE-UNISONRTOS.5.5.0-4
2023-10-11 18:51:15,613 [WARN] PackLoader:240 - Cannot read IP mode file for STMicroelectronics.X-CUBE-AI.8.0.0
2023-10-11 18:51:15,632 [WARN] ConditionMgr:438 - getConditionDescription Invalid condition id : UX DEVICE CLASS RTOS Condition cause : null
2023-10-11 18:51:15,632 [WARN] ConditionMgr:438 - getConditionDescription Invalid condition id : UX DEVICE CLASS RTOS Condition cause : null
2023-10-11 18:51:15,633 [WARN] PackLoader:240 - Cannot read IP mode file for STMicroelectronics.X-CUBE-AZRTOS-WB.2.0.0
2023-10-11 18:51:15,633 [WARN] ConditionMgr:1039 - genDependencies : Invalid condition id : UX DEVICE CLASS RTOS Condition cause : null
2023-10-11 18:51:15,633 [WARN] ConditionMgr:1039 - genDependencies : Invalid condition id : UX DEVICE CLASS RTOS Condition cause : null
2023-10-11 18:51:15,634 [WARN] ConditionMgr:1039 - genDependencies : Invalid condition id : UX DEVICE CLASS RTOS Condition cause : null
2023-10-11 18:51:15,634 [WARN] ConditionMgr:1039 - genDependencies : Invalid condition id : UX DEVICE CLASS RTOS Condition cause : null
2023-10-11 18:51:15,634 [WARN] ConditionMgr:1039 - genDependencies : Invalid condition id : UX DEVICE CLASS RTOS Condition cause : null
2023-10-11 18:51:15,644 [WARN] PackLoader:240 - Cannot read IP mode file for STMicroelectronics.X-CUBE-FREERTOS.1.0.0
2023-10-11 18:51:15,663 [WARN] PackLoader:240 - Cannot read IP mode file for STMicroelectronics.X-CUBE-AZRTOS-L5.1.1.0
2023-10-11 18:51:15,680 [WARN] PackLoader:240 - Cannot read IP mode file for STMicroelectronics.X-CUBE-SUBG2.5.0.0
2023-10-11 18:51:15,697 [WARN] PackLoader:240 - Cannot read IP mode file for STMicroelectronics.X-CUBE-TOF1.3.3.1
2023-10-11 18:51:15,721 [WARN] PackLoader:240 - Cannot read IP mode file for STMicroelectronics.X-CUBE-AZRTOS-G4.2.0.0
2023-10-11 18:51:15,731 [WARN] PackLoader:240 - Cannot read IP mode file for STMicroelectronics.FP-ATR-ASTRA1.1.1.1
2023-10-11 18:51:15,748 [WARN] PackLoader:240 - Cannot read IP mode file for Infineon.AIROC-Wi-Fi-Bluetooth-STM32.1.5.1
2023-10-11 18:51:15,768 [WARN] PackLoader:240 - Cannot read IP mode file for STMicroelectronics.X-CUBE-AZRTOS-G4.1.0.0
2023-10-11 18:51:15,789 [WARN] PackLoader:240 - Cannot read IP mode file for STMicroelectronics.X-CUBE-AZRTOS-L4.1.0.0
2023-10-11 18:51:15,799 [WARN] PackLoader:240 - Cannot read IP mode file for STMicroelectronics.X-CUBE-FREERTOS.1.1.0
2023-10-11 18:51:15,815 [WARN] PackLoader:240 - Cannot read IP mode file for STMicroelectronics.X-CUBE-AZRTOS-WL.1.0.0
2023-10-11 18:51:15,827 [WARN] PackLoader:240 - Cannot read IP mode file for portGmbH.I-Cube-SoM-uGOAL.1.1.0
2023-10-11 18:51:15,836 [WARN] PackLoader:240 - Cannot read IP mode file for STMicroelectronics.X-CUBE-ALS.1.0.1
2023-10-11 18:51:15,852 [WARN] PackLoader:240 - Cannot read IP mode file for STMicroelectronics.X-CUBE-AZRTOS-WB.1.1.0
2023-10-11 18:51:15,861 [WARN] PackLoader:240 - Cannot read IP mode file for STMicroelectronics.FP-ATR-ASTRA1.2.0.0
2023-10-11 18:51:15,861 [INFO] ThirdParty:978 - Integrity check success = true
2023-10-11 18:51:15,861 [INFO] IntegrityCheckThread:100 - exiting critical section [integrity check]
2023-10-11 18:51:15,861 [INFO] IntegrityCheckThread:103 - End integrity checks thread
2023-10-11 18:51:22,303 [INFO] Activator:176 - 


2023-10-11 18:51:22,304 [INFO] Activator:177 - !SESSION log4j initialized
2023-10-11 18:51:26,351 [INFO] LogOutputStream:77 - [STDOUT_REDIRECT] 
2023-10-11 18:51:31,829 [INFO] ApplicationProperties:184 - Using Application install path: C:\ST\STM32CubeIDE_1.12.0\STM32CubeIDE\plugins\com.st.stm32cube.common.mx_6.9.2.202309101412
2023-10-11 18:51:31,843 [INFO] DbMcusXml:78 - Set database path to: C:\ST\STM32CubeIDE_1.12.0\STM32CubeIDE\plugins\com.st.stm32cube.common.mx_6.9.2.202309101412\\db\/mcu/
2023-10-11 18:51:31,843 [INFO] ApiDb:274 - Set plugin database path to: C:\ST\STM32CubeIDE_1.12.0\STM32CubeIDE\plugins\com.st.stm32cube.common.mx_6.9.2.202309101412\\db\/plugins/boardmanager/
2023-10-11 18:51:31,843 [WARN] ApiDb:259 - Overriding images path with different value:  => C:\ST\STM32CubeIDE_1.12.0\STM32CubeIDE\plugins\com.st.stm32cube.common.mx_6.9.2.202309101412\\db\/plugins/mcufinder/images/
2023-10-11 18:51:31,849 [INFO] ApiDb:250 - Set database path to: C:\Users\Joshi\.stmcufinder\plugins\mcufinder//mcu/
2023-10-11 18:51:31,850 [INFO] DbMcusAds:125 - Set database path to: C:\Users\Joshi\.stmcufinder\plugins\mcufinder//mcu/
2023-10-11 18:51:31,852 [INFO] CrossReferenceDbSqlite:203 - Set database path to: C:\Users\Joshi\.stmcufinder\plugins\mcufinder//mcu/cs/
2023-10-11 18:51:31,920 [INFO] RulesReader:64 - Compatibility file has been processed (293 Rules)
2023-10-11 18:51:31,998 [INFO] DbMcusXml:78 - Set database path to: C:\ST\STM32CubeIDE_1.12.0\STM32CubeIDE\plugins\com.st.stm32cube.common.mx_6.9.2.202309101412\\db\/mcu/
2023-10-11 18:51:31,999 [INFO] ApiDb:274 - Set plugin database path to: C:\ST\STM32CubeIDE_1.12.0\STM32CubeIDE\plugins\com.st.stm32cube.common.mx_6.9.2.202309101412\\db\/plugins/boardmanager/
2023-10-11 18:51:31,999 [INFO] ApiDb:261 - Set plugin images path to: C:\ST\STM32CubeIDE_1.12.0\STM32CubeIDE\plugins\com.st.stm32cube.common.mx_6.9.2.202309101412\\db\/plugins/mcufinder/images/
2023-10-11 18:51:31,999 [WARN] DbFile:41 - Overriding database path with different value: C:\Users\Joshi\.stmcufinder\plugins\mcufinder/ => C:\Users\Joshi\.stmcufinder\plugins\mcufinder
2023-10-11 18:51:31,999 [INFO] ApiDb:250 - Set database path to: C:\Users\Joshi\.stmcufinder\plugins\mcufinder//mcu/
2023-10-11 18:51:31,999 [WARN] DbFile:41 - Overriding database path with different value: C:\Users\Joshi\.stmcufinder\plugins\mcufinder/ => C:\Users\Joshi\.stmcufinder\plugins\mcufinder
2023-10-11 18:51:31,999 [INFO] DbMcusAds:125 - Set database path to: C:\Users\Joshi\.stmcufinder\plugins\mcufinder//mcu/
2023-10-11 18:51:31,999 [WARN] DbFile:41 - Overriding database path with different value: C:\Users\Joshi\.stmcufinder\plugins\mcufinder/ => C:\Users\Joshi\.stmcufinder\plugins\mcufinder
2023-10-11 18:51:31,999 [WARN] DbFile:41 - Overriding database path with different value: C:\Users\Joshi\.stmcufinder\plugins\mcufinder/ => C:\Users\Joshi\.stmcufinder\plugins\mcufinder
2023-10-11 18:51:31,999 [INFO] CrossReferenceDbSqlite:203 - Set database path to: C:\Users\Joshi\.stmcufinder\plugins\mcufinder//mcu/cs/
2023-10-11 18:51:32,047 [INFO] MainPanel:262 - HeapMemory: 268435456
2023-10-11 18:51:32,095 [INFO] DbMcusXml:78 - Set database path to: C:\ST\STM32CubeIDE_1.12.0\STM32CubeIDE\plugins\com.st.stm32cube.common.mx_6.9.2.202309101412\\db\/mcu/
2023-10-11 18:51:32,095 [INFO] ApiDb:274 - Set plugin database path to: C:\ST\STM32CubeIDE_1.12.0\STM32CubeIDE\plugins\com.st.stm32cube.common.mx_6.9.2.202309101412\\db\/plugins/boardmanager/
2023-10-11 18:51:32,095 [INFO] ApiDb:261 - Set plugin images path to: C:\ST\STM32CubeIDE_1.12.0\STM32CubeIDE\plugins\com.st.stm32cube.common.mx_6.9.2.202309101412\\db\/plugins/mcufinder/images/
2023-10-11 18:51:32,095 [WARN] DbFile:41 - Overriding database path with different value: C:\Users\Joshi\.stmcufinder\plugins\mcufinder/ => C:\Users\Joshi\.stmcufinder\plugins\mcufinder
2023-10-11 18:51:32,095 [INFO] ApiDb:250 - Set database path to: C:\Users\Joshi\.stmcufinder\plugins\mcufinder//mcu/
2023-10-11 18:51:32,095 [WARN] DbFile:41 - Overriding database path with different value: C:\Users\Joshi\.stmcufinder\plugins\mcufinder/ => C:\Users\Joshi\.stmcufinder\plugins\mcufinder
2023-10-11 18:51:32,095 [INFO] DbMcusAds:125 - Set database path to: C:\Users\Joshi\.stmcufinder\plugins\mcufinder//mcu/
2023-10-11 18:51:32,095 [WARN] DbFile:41 - Overriding database path with different value: C:\Users\Joshi\.stmcufinder\plugins\mcufinder/ => C:\Users\Joshi\.stmcufinder\plugins\mcufinder
2023-10-11 18:51:32,096 [WARN] DbFile:41 - Overriding database path with different value: C:\Users\Joshi\.stmcufinder\plugins\mcufinder/ => C:\Users\Joshi\.stmcufinder\plugins\mcufinder
2023-10-11 18:51:32,096 [INFO] CrossReferenceDbSqlite:203 - Set database path to: C:\Users\Joshi\.stmcufinder\plugins\mcufinder//mcu/cs/
2023-10-11 18:51:32,107 [INFO] ApplicationProperties:184 - Using Application install path: C:\ST\STM32CubeIDE_1.12.0\STM32CubeIDE\plugins\com.st.stm32cube.common.mx_6.9.2.202309101412
2023-10-11 18:51:32,108 [INFO] PluginManage:196 - Search for loadable plugins [exclusion list=, ]
2023-10-11 18:51:32,109 [INFO] PluginManage:310 - Check plugin analytics
2023-10-11 18:51:36,762 [INFO] AnalyticsPlugin:253 - Accepted Software Licenses: 
2023-10-11 18:51:36,762 [INFO] AnalyticsPlugin:255 - Accepted CMSIS Pack Licenses: 
2023-10-11 18:51:36,763 [INFO] AnalyticsPlugin:257 - Accepted Firmware Licenses: 
2023-10-11 18:51:36,765 [INFO] PluginManage:359 - Loaded plugin analytics (category:tool,tabindex:-1)
2023-10-11 18:51:36,765 [INFO] PluginManage:310 - Check plugin cadmodel
2023-10-11 18:51:36,768 [INFO] CADModel:105 - Init CAD model plugin
2023-10-11 18:51:36,768 [INFO] PluginManage:359 - Loaded plugin cadmodel (category:power,tabindex:5)
2023-10-11 18:51:36,769 [INFO] PluginManage:310 - Check plugin clock
2023-10-11 18:51:36,775 [INFO] PluginManage:359 - Loaded plugin clock (category:base,tabindex:2)
2023-10-11 18:51:36,779 [INFO] PluginManage:310 - Check plugin ddr
2023-10-11 18:51:36,781 [INFO] PluginManage:359 - Loaded plugin ddr (category:tool,tabindex:6)
2023-10-11 18:51:36,781 [INFO] PluginManage:310 - Check plugin filemanager
2023-10-11 18:51:36,866 [INFO] PluginManage:359 - Loaded plugin filemanager (category:base,tabindex:10)
2023-10-11 18:51:36,866 [INFO] PluginManage:310 - Check plugin ipmanager
2023-10-11 18:51:36,875 [INFO] PluginManage:359 - Loaded plugin ipmanager (category:base,tabindex:5)
2023-10-11 18:51:36,875 [INFO] PluginManage:310 - Check plugin lpbam
2023-10-11 18:51:36,881 [INFO] PluginManage:359 - Loaded plugin lpbam (category:base,tabindex:0)
2023-10-11 18:51:36,881 [INFO] PluginManage:310 - Check plugin memorymap
2023-10-11 18:51:36,888 [INFO] PluginManage:359 - Loaded plugin memorymap (category:base,tabindex:4)
2023-10-11 18:51:36,888 [INFO] PluginManage:310 - Check plugin pinoutandconfiguration
2023-10-11 18:51:36,892 [INFO] PluginManage:359 - Loaded plugin pinoutandconfiguration (category:base,tabindex:1)
2023-10-11 18:51:36,892 [INFO] PluginManage:310 - Check plugin pinoutconfig
2023-10-11 18:51:36,949 [WARN] SupportedApi:132 - Cannot load RTOS API schema: s4s-elt-must-match.1: The content of 'definitions' must match (annotation?, (simpleType | complexType)?, (unique | key | keyref)*)). A problem was found starting at: attribute.
2023-10-11 18:51:37,038 [INFO] PluginManage:359 - Loaded plugin pinoutconfig (category:base,tabindex:0)
2023-10-11 18:51:37,038 [INFO] PluginManage:310 - Check plugin power
2023-10-11 18:51:37,045 [INFO] PluginManage:359 - Loaded plugin power (category:power,tabindex:4)
2023-10-11 18:51:37,045 [INFO] PluginManage:310 - Check plugin projectmanager
2023-10-11 18:51:37,057 [INFO] PluginManage:359 - Loaded plugin projectmanager (category:projectmanager,tabindex:3)
2023-10-11 18:51:37,057 [INFO] PluginManage:310 - Check plugin thirdparty
2023-10-11 18:51:37,148 [INFO] PluginManage:359 - Loaded plugin thirdparty (category:base,tabindex:-1)
2023-10-11 18:51:37,148 [WARN] IntegrityCheckThread:84 - waiting for thirdparty lock release [integrity check]
2023-10-11 18:51:37,148 [INFO] PluginManage:310 - Check plugin tools
2023-10-11 18:51:37,148 [INFO] IntegrityCheckThread:86 - entering critical section [integrity check]
2023-10-11 18:51:37,148 [INFO] ThirdPartyUpdaterWithRetryManager:70 - Updater plugin not ready yet. [1/15]
2023-10-11 18:51:37,150 [INFO] PluginManage:359 - Loaded plugin tools (category:base,tabindex:7)
2023-10-11 18:51:37,150 [INFO] PluginManage:310 - Check plugin tutovideos
2023-10-11 18:51:37,263 [INFO] PluginManage:359 - Loaded plugin tutovideos (category:base,tabindex:-1)
2023-10-11 18:51:37,263 [INFO] PluginManage:310 - Check plugin updater
2023-10-11 18:51:37,270 [INFO] PluginManage:359 - Loaded plugin updater (category:base,tabindex:12)
2023-10-11 18:51:37,270 [INFO] PluginManage:310 - Check plugin userauth
2023-10-11 18:51:37,273 [INFO] UserAuth:113 - Init User Auth plugin
2023-10-11 18:51:37,273 [INFO] PluginManage:359 - Loaded plugin userauth (category:base,tabindex:14)
2023-10-11 18:51:37,274 [INFO] PluginManage:283 - PluginManage : Loaded plugins [17]
2023-10-11 18:51:37,415 [INFO] PinOutPanel:1499 - setPackage(No Configuration,No Configuration)
2023-10-11 18:51:37,493 [INFO] CADModel:165 - CPN selected for project level
2023-10-11 18:51:37,493 [INFO] CADModel:114 - Register for checkConnection events
2023-10-11 18:51:37,504 [INFO] IPUIPlugin:80 - create IPUIPlugin
2023-10-11 18:51:37,505 [INFO] PluginManager:220 - loadIPPluginJar : add adc
2023-10-11 18:51:37,507 [INFO] IPUIPlugin:80 - create IPUIPlugin
2023-10-11 18:51:37,507 [INFO] PluginManager:220 - loadIPPluginJar : add aes
2023-10-11 18:51:37,509 [INFO] IPUIPlugin:80 - create IPUIPlugin
2023-10-11 18:51:37,509 [INFO] PluginManager:220 - loadIPPluginJar : add can
2023-10-11 18:51:37,510 [INFO] IPUIPlugin:80 - create IPUIPlugin
2023-10-11 18:51:37,510 [INFO] PluginManager:220 - loadIPPluginJar : add comp
2023-10-11 18:51:37,511 [INFO] IPUIPlugin:80 - create IPUIPlugin
2023-10-11 18:51:37,511 [INFO] PluginManager:220 - loadIPPluginJar : add cryp
2023-10-11 18:51:37,513 [INFO] IPUIPlugin:80 - create IPUIPlugin
2023-10-11 18:51:37,513 [INFO] PluginManager:220 - loadIPPluginJar : add dfsdm
2023-10-11 18:51:37,517 [INFO] IPUIPlugin:80 - create IPUIPlugin
2023-10-11 18:51:37,517 [INFO] PluginManager:220 - loadIPPluginJar : add dma
2023-10-11 18:51:37,518 [INFO] IPUIPlugin:80 - create IPUIPlugin
2023-10-11 18:51:37,519 [INFO] PluginManager:220 - loadIPPluginJar : add dma3
2023-10-11 18:51:37,520 [INFO] IPUIPlugin:80 - create IPUIPlugin
2023-10-11 18:51:37,520 [INFO] PluginManager:220 - loadIPPluginJar : add fatfs
2023-10-11 18:51:37,523 [INFO] IPUIPlugin:80 - create IPUIPlugin
2023-10-11 18:51:37,523 [INFO] PluginManager:220 - loadIPPluginJar : add fmc
2023-10-11 18:51:37,527 [INFO] IPUIPlugin:80 - create IPUIPlugin
2023-10-11 18:51:37,527 [INFO] PluginManager:220 - loadIPPluginJar : add freertos
2023-10-11 18:51:37,528 [INFO] IPUIPlugin:80 - create IPUIPlugin
2023-10-11 18:51:37,528 [INFO] PluginManager:220 - loadIPPluginJar : add genericplugin
2023-10-11 18:51:37,529 [INFO] IPUIPlugin:80 - create IPUIPlugin
2023-10-11 18:51:37,529 [INFO] PluginManager:220 - loadIPPluginJar : add gfxmmu
2023-10-11 18:51:37,532 [INFO] IPUIPlugin:80 - create IPUIPlugin
2023-10-11 18:51:37,532 [INFO] PluginManager:220 - loadIPPluginJar : add gic
2023-10-11 18:51:37,534 [INFO] IPUIPlugin:80 - create IPUIPlugin
2023-10-11 18:51:37,535 [INFO] PluginManager:220 - loadIPPluginJar : add gpio
2023-10-11 18:51:37,536 [INFO] IPUIPlugin:80 - create IPUIPlugin
2023-10-11 18:51:37,536 [INFO] PluginManager:220 - loadIPPluginJar : add gtzc
2023-10-11 18:51:37,538 [INFO] IPUIPlugin:80 - create IPUIPlugin
2023-10-11 18:51:37,538 [INFO] PluginManager:220 - loadIPPluginJar : add hash
2023-10-11 18:51:37,540 [INFO] IPUIPlugin:80 - create IPUIPlugin
2023-10-11 18:51:37,540 [INFO] PluginManager:220 - loadIPPluginJar : add i2c
2023-10-11 18:51:37,542 [INFO] IPUIPlugin:80 - create IPUIPlugin
2023-10-11 18:51:37,542 [INFO] PluginManager:220 - loadIPPluginJar : add i2s
2023-10-11 18:51:37,543 [INFO] IPUIPlugin:80 - create IPUIPlugin
2023-10-11 18:51:37,543 [INFO] PluginManager:220 - loadIPPluginJar : add i3c
2023-10-11 18:51:37,545 [INFO] IPUIPlugin:80 - create IPUIPlugin
2023-10-11 18:51:37,545 [INFO] PluginManager:220 - loadIPPluginJar : add ipddr
2023-10-11 18:51:37,550 [INFO] IPUIPlugin:80 - create IPUIPlugin
2023-10-11 18:51:37,550 [INFO] PluginManager:220 - loadIPPluginJar : add linkedlist
2023-10-11 18:51:37,552 [INFO] IPUIPlugin:80 - create IPUIPlugin
2023-10-11 18:51:37,552 [INFO] PluginManager:220 - loadIPPluginJar : add lorawan
2023-10-11 18:51:37,553 [INFO] IPUIPlugin:80 - create IPUIPlugin
2023-10-11 18:51:37,554 [INFO] PluginManager:220 - loadIPPluginJar : add ltdc
2023-10-11 18:51:37,557 [INFO] IPUIPlugin:80 - create IPUIPlugin
2023-10-11 18:51:37,558 [INFO] PluginManager:220 - loadIPPluginJar : add mdma
2023-10-11 18:51:37,560 [INFO] IPUIPlugin:80 - create IPUIPlugin
2023-10-11 18:51:37,560 [INFO] PluginManager:220 - loadIPPluginJar : add nvic
2023-10-11 18:51:37,562 [INFO] IPUIPlugin:80 - create IPUIPlugin
2023-10-11 18:51:37,562 [INFO] PluginManager:220 - loadIPPluginJar : add opamp
2023-10-11 18:51:37,564 [INFO] IPUIPlugin:80 - create IPUIPlugin
2023-10-11 18:51:37,564 [INFO] PluginManager:220 - loadIPPluginJar : add openamp
2023-10-11 18:51:37,565 [INFO] IPUIPlugin:80 - create IPUIPlugin
2023-10-11 18:51:37,565 [INFO] PluginManager:220 - loadIPPluginJar : add pdm2pcm
2023-10-11 18:51:37,569 [INFO] IPUIPlugin:80 - create IPUIPlugin
2023-10-11 18:51:37,571 [INFO] PluginManager:220 - loadIPPluginJar : add plateformsettings
2023-10-11 18:51:37,572 [INFO] IPUIPlugin:80 - create IPUIPlugin
2023-10-11 18:51:37,572 [INFO] PluginManager:220 - loadIPPluginJar : add quadspi
2023-10-11 18:51:37,574 [INFO] IPUIPlugin:80 - create IPUIPlugin
2023-10-11 18:51:37,574 [INFO] PluginManager:220 - loadIPPluginJar : add resmgrutility
2023-10-11 18:51:37,576 [INFO] IPUIPlugin:80 - create IPUIPlugin
2023-10-11 18:51:37,576 [INFO] PluginManager:220 - loadIPPluginJar : add sai
2023-10-11 18:51:37,578 [INFO] IPUIPlugin:80 - create IPUIPlugin
2023-10-11 18:51:37,578 [INFO] PluginManager:220 - loadIPPluginJar : add spi
2023-10-11 18:51:37,581 [INFO] IPUIPlugin:80 - create IPUIPlugin
2023-10-11 18:51:37,581 [INFO] PluginManager:220 - loadIPPluginJar : add stm32_wpan
2023-10-11 18:51:37,582 [INFO] IPUIPlugin:80 - create IPUIPlugin
2023-10-11 18:51:37,582 [INFO] PluginManager:220 - loadIPPluginJar : add tim
2023-10-11 18:51:37,584 [INFO] IPUIPlugin:80 - create IPUIPlugin
2023-10-11 18:51:37,584 [INFO] PluginManager:220 - loadIPPluginJar : add touchsensing
2023-10-11 18:51:37,585 [INFO] IPUIPlugin:80 - create IPUIPlugin
2023-10-11 18:51:37,585 [INFO] PluginManager:220 - loadIPPluginJar : add tracer_emb
2023-10-11 18:51:37,586 [INFO] IPUIPlugin:80 - create IPUIPlugin
2023-10-11 18:51:37,586 [INFO] PluginManager:220 - loadIPPluginJar : add ts
2023-10-11 18:51:37,587 [INFO] IPUIPlugin:80 - create IPUIPlugin
2023-10-11 18:51:37,587 [INFO] PluginManager:220 - loadIPPluginJar : add tsc
2023-10-11 18:51:37,588 [INFO] IPUIPlugin:80 - create IPUIPlugin
2023-10-11 18:51:37,589 [INFO] PluginManager:220 - loadIPPluginJar : add ucpd
2023-10-11 18:51:37,590 [INFO] IPUIPlugin:80 - create IPUIPlugin
2023-10-11 18:51:37,590 [INFO] PluginManager:220 - loadIPPluginJar : add usart
2023-10-11 18:51:37,592 [INFO] IPUIPlugin:80 - create IPUIPlugin
2023-10-11 18:51:37,592 [INFO] PluginManager:220 - loadIPPluginJar : add usbx
2023-10-11 18:51:37,697 [INFO] CADModel:165 - CPN selected for project level
2023-10-11 18:51:37,697 [INFO] CADModel:114 - Register for checkConnection events
2023-10-11 18:51:37,697 [FATAL] Updater:308 - Updater called before beeing initialized
2023-10-11 18:51:37,697 [ERROR] CADModel:125 - Updater not yet initialized, retry later 
2023-10-11 18:51:37,794 [INFO] CADModel:165 - CPN selected for project level
2023-10-11 18:51:37,795 [INFO] CADModel:114 - Register for checkConnection events
2023-10-11 18:51:37,795 [FATAL] Updater:308 - Updater called before beeing initialized
2023-10-11 18:51:37,795 [ERROR] CADModel:125 - Updater not yet initialized, retry later 
2023-10-11 18:51:37,797 [FATAL] Updater:308 - Updater called before beeing initialized
2023-10-11 18:51:37,864 [FATAL] Updater:308 - Updater called before beeing initialized
2023-10-11 18:51:37,868 [INFO] DbMcusAds:53 - JSON generation date=Tue Mar 07 09:50:55 CET 2023 (1678179055114)
2023-10-11 18:51:37,868 [FATAL] Updater:308 - Updater called before beeing initialized
2023-10-11 18:51:37,893 [WARN] DetailPanel:346 - Failed to get advertising image, set to default
2023-10-11 18:51:37,980 [FATAL] Updater:308 - Updater called before beeing initialized
2023-10-11 18:51:37,982 [FATAL] Updater:308 - Updater called before beeing initialized
2023-10-11 18:51:37,982 [FATAL] Updater:308 - Updater called before beeing initialized
2023-10-11 18:51:37,982 [WARN] DetailPanel:346 - Failed to get advertising image, set to default
2023-10-11 18:51:37,982 [FATAL] Updater:308 - Updater called before beeing initialized
2023-10-11 18:51:38,010 [ERROR] Updater:1120 - MainUpdater not yet initialized. External WinMGr cannot be set.
2023-10-11 18:51:38,012 [INFO] Updater:1056 - Updater Version found : 6.9.2
2023-10-11 18:51:38,024 [INFO] ApplicationProperties:184 - Using Application install path: C:\ST\STM32CubeIDE_1.12.0\STM32CubeIDE\plugins\com.st.stm32cube.common.mx_6.9.2.202309101412
2023-10-11 18:51:38,202 [INFO] MainUpdater:2868 - connection check result : 10
2023-10-11 18:51:38,202 [INFO] MainUpdater:285 - Updater Check For Update Now.
2023-10-11 18:51:38,202 [INFO] MicroXplorer:498 - Change Database Version : DB.6.0.92
2023-10-11 18:51:38,207 [INFO] McuFinderGlobals:63 - Set McuFinder mode to 2 (CubeIDE integrated)
2023-10-11 18:51:38,362 [INFO] CheckServerUpdateThread:120 - End of CheckServer Thread
2023-10-11 18:51:40,259 [WARN] PackLoader:240 - Cannot read IP mode file for STMicroelectronics.X-CUBE-SMBUS.2.1.0
2023-10-11 18:51:40,283 [WARN] PackLoader:240 - Cannot read IP mode file for STMicroelectronics.X-CUBE-AZRTOS-F7.1.1.0
2023-10-11 18:51:40,298 [WARN] PackLoader:240 - Cannot read IP mode file for STMicroelectronics.FP-SNS-MOTENV1.4.3.2
2023-10-11 18:51:40,306 [WARN] PackLoader:240 - Cannot read IP mode file for STMicroelectronics.X-CUBE-BLE1.6.2.4
2023-10-11 18:51:40,310 [WARN] PackLoader:240 - Cannot read IP mode file for STMicroelectronics.FP-SNS-FLIGHT1.5.0.2
2023-10-11 18:51:40,316 [WARN] PackLoader:240 - Cannot read IP mode file for STMicroelectronics.X-CUBE-DISPLAY.3.0.0
2023-10-11 18:51:40,323 [WARN] PackLoader:240 - Cannot read IP mode file for STMicroelectronics.X-CUBE-BLE1.7.0.0
2023-10-11 18:51:40,328 [WARN] PackLoader:240 - Cannot read IP mode file for STMicroelectronics.X-CUBE-TOUCHGFX.4.22.1
2023-10-11 18:51:40,331 [WARN] PackLoader:240 - Cannot read IP mode file for STMicroelectronics.FP-SNS-SMARTAG2.1.2.0
2023-10-11 18:51:40,340 [INFO] LogOutputStream:77 - [STDOUT_REDIRECT] 1 : Invalid condition id : UX_CORESTACK_Condition cause : null
2023-10-11 18:51:40,341 [INFO] LogOutputStream:77 - [STDOUT_REDIRECT] 1 : Invalid condition id : UX_CORESTACK_Condition cause : null
2023-10-11 18:51:40,342 [INFO] LogOutputStream:77 - [STDOUT_REDIRECT] 1 : Invalid condition id : UX_CORESTACK_Condition cause : null
2023-10-11 18:51:40,344 [INFO] LogOutputStream:77 - [STDOUT_REDIRECT] 1 : Invalid condition id : UX_CORESTACK_Condition cause : null
2023-10-11 18:51:40,345 [INFO] LogOutputStream:77 - [STDOUT_REDIRECT] 1 : Invalid condition id : UX_CORESTACK_Condition cause : null
2023-10-11 18:51:40,349 [WARN] PackLoader:240 - Cannot read IP mode file for STMicroelectronics.X-CUBE-AZRTOS-WL.2.0.0
2023-10-11 18:51:40,363 [WARN] PackLoader:240 - Cannot read IP mode file for WES.I-CUBE-Cesium.1.3.0
2023-10-11 18:51:40,369 [WARN] PackLoader:240 - Cannot read IP mode file for STMicroelectronics.X-CUBE-BLE2.3.3.0
2023-10-11 18:51:40,379 [WARN] PackLoader:240 - Cannot read IP mode file for STMicroelectronics.X-CUBE-TOF1.3.2.0
2023-10-11 18:51:40,390 [WARN] PackLoader:240 - Cannot read IP mode file for emotas.I-CUBE-CANOPEN.1.2.0
2023-10-11 18:51:40,393 [WARN] PackLoader:240 - Cannot read IP mode file for STMicroelectronics.X-CUBE-TOUCHGFX.4.21.1
2023-10-11 18:51:40,398 [WARN] PackLoader:240 - Cannot read IP mode file for STMicroelectronics.X-CUBE-ALGOBUILD.1.3.0
2023-10-11 18:51:40,416 [WARN] PackLoader:240 - Cannot read IP mode file for STMicroelectronics.X-CUBE-AZRTOS-G0.1.1.0
2023-10-11 18:51:40,423 [WARN] PackLoader:240 - Cannot read IP mode file for STMicroelectronics.X-CUBE-NFC4.3.0.0
2023-10-11 18:51:40,426 [WARN] PackLoader:240 - Cannot read IP mode file for STMicroelectronics.FP-ATR-SIGFOX1.3.2.0
2023-10-11 18:51:40,471 [WARN] PackLoader:240 - Cannot read IP mode file for STMicroelectronics.X-CUBE-MEMS1.9.5.0
2023-10-11 18:51:40,631 [WARN] PackLoader:240 - Cannot read IP mode file for SEGGER.I-CUBE-embOS.1.3.1
2023-10-11 18:51:40,661 [WARN] PackLoader:240 - Cannot read IP mode file for STMicroelectronics.X-CUBE-GNSS1.6.0.0
2023-10-11 18:51:40,672 [WARN] PackLoader:240 - Cannot read IP mode file for STMicroelectronics.X-CUBE-AZRTOS-F4.1.1.0
2023-10-11 18:51:40,688 [WARN] PackLoader:240 - Cannot read IP mode file for STMicroelectronics.X-CUBE-AZRTOS-L5.2.0.0
2023-10-11 18:51:40,712 [WARN] PackLoader:240 - Cannot read IP mode file for STMicroelectronics.X-CUBE-MEMS1.9.6.0
2023-10-11 18:51:40,800 [WARN] PackLoader:240 - Cannot read IP mode file for ITTIA_DB.I-CUBE-ITTIADB.8.8.0
2023-10-11 18:51:40,805 [WARN] PackLoader:240 - Cannot read IP mode file for STMicroelectronics.X-CUBE-BLEMGR.2.0.0
2023-10-11 18:51:40,816 [WARN] ConditionMgr:438 - getConditionDescription Invalid condition id : UX DEVICE CLASS RTOS Condition cause : null
2023-10-11 18:51:40,816 [WARN] ConditionMgr:438 - getConditionDescription Invalid condition id : UX DEVICE CLASS RTOS Condition cause : null
2023-10-11 18:51:40,818 [WARN] PackLoader:240 - Cannot read IP mode file for STMicroelectronics.X-CUBE-AZRTOS-H7.3.1.0
2023-10-11 18:51:40,819 [WARN] ConditionMgr:1039 - genDependencies : Invalid condition id : UX DEVICE CLASS RTOS Condition cause : null
2023-10-11 18:51:40,819 [WARN] ConditionMgr:1039 - genDependencies : Invalid condition id : UX DEVICE CLASS RTOS Condition cause : null
2023-10-11 18:51:40,819 [WARN] ConditionMgr:1039 - genDependencies : Invalid condition id : UX DEVICE CLASS RTOS Condition cause : null
2023-10-11 18:51:40,820 [WARN] ConditionMgr:1039 - genDependencies : Invalid condition id : UX DEVICE CLASS RTOS Condition cause : null
2023-10-11 18:51:40,820 [WARN] ConditionMgr:1039 - genDependencies : Invalid condition id : UX DEVICE CLASS RTOS Condition cause : null
2023-10-11 18:51:40,824 [WARN] PackLoader:240 - Cannot read IP mode file for wolfSSL.I-CUBE-wolfSSL.5.5.4
2023-10-11 18:51:40,828 [WARN] PackLoader:240 - Cannot read IP mode file for STMicroelectronics.X-CUBE-NFC7.1.0.1
2023-10-11 18:51:40,832 [WARN] PackLoader:240 - Cannot read IP mode file for STMicroelectronics.X-CUBE-NFC7.1.0.0
2023-10-11 18:51:40,837 [WARN] PackLoader:240 - Cannot read IP mode file for STMicroelectronics.X-CUBE-NFC6.3.0.0
2023-10-11 18:51:40,842 [WARN] PackLoader:240 - Cannot read IP mode file for STMicroelectronics.X-CUBE-EEPRMA1.4.1.0
2023-10-11 18:51:40,847 [WARN] PackLoader:240 - Cannot read IP mode file for STMicroelectronics.X-CUBE-AI.8.1.0
2023-10-11 18:51:40,857 [WARN] ConditionMgr:438 - getConditionDescription Invalid condition id : LAN8742 Phy interface Condition cause : null
2023-10-11 18:51:40,857 [WARN] PackLoader:240 - Cannot read IP mode file for STMicroelectronics.X-CUBE-AZRTOS-L4.2.0.0
2023-10-11 18:51:40,858 [WARN] ConditionMgr:1039 - genDependencies : Invalid condition id : LAN8742 Phy interface Condition cause : null
2023-10-11 18:51:40,858 [WARN] ConditionMgr:1039 - genDependencies : Invalid condition id : LAN8742 Phy interface Condition cause : null
2023-10-11 18:51:40,858 [WARN] ConditionMgr:1039 - genDependencies : Invalid condition id : LAN8742 Phy interface Condition cause : null
2023-10-11 18:51:40,863 [WARN] PackLoader:240 - Cannot read IP mode file for STMicroelectronics.X-CUBE-SFXS2LP1.4.0.0
2023-10-11 18:51:40,875 [WARN] PackLoader:240 - Cannot read IP mode file for STMicroelectronics.X-CUBE-AZRTOS-H7.3.0.0
2023-10-11 18:51:40,883 [WARN] PackLoader:240 - Cannot read IP mode file for STMicroelectronics.X-CUBE-ISPU.1.1.0
2023-10-11 18:51:40,888 [WARN] PackLoader:240 - Cannot read IP mode file for RoweBots.I-CUBE-UNISONRTOS.5.5.0-4
2023-10-11 18:51:40,892 [WARN] PackLoader:240 - Cannot read IP mode file for STMicroelectronics.X-CUBE-AI.8.0.0
2023-10-11 18:51:40,900 [WARN] ConditionMgr:438 - getConditionDescription Invalid condition id : UX DEVICE CLASS RTOS Condition cause : null
2023-10-11 18:51:40,900 [WARN] ConditionMgr:438 - getConditionDescription Invalid condition id : UX DEVICE CLASS RTOS Condition cause : null
2023-10-11 18:51:40,902 [WARN] PackLoader:240 - Cannot read IP mode file for STMicroelectronics.X-CUBE-AZRTOS-WB.2.0.0
2023-10-11 18:51:40,902 [WARN] ConditionMgr:1039 - genDependencies : Invalid condition id : UX DEVICE CLASS RTOS Condition cause : null
2023-10-11 18:51:40,902 [WARN] ConditionMgr:1039 - genDependencies : Invalid condition id : UX DEVICE CLASS RTOS Condition cause : null
2023-10-11 18:51:40,903 [WARN] ConditionMgr:1039 - genDependencies : Invalid condition id : UX DEVICE CLASS RTOS Condition cause : null
2023-10-11 18:51:40,903 [WARN] ConditionMgr:1039 - genDependencies : Invalid condition id : UX DEVICE CLASS RTOS Condition cause : null
2023-10-11 18:51:40,903 [WARN] ConditionMgr:1039 - genDependencies : Invalid condition id : UX DEVICE CLASS RTOS Condition cause : null
2023-10-11 18:51:40,907 [WARN] PackLoader:240 - Cannot read IP mode file for STMicroelectronics.X-CUBE-FREERTOS.1.0.0
2023-10-11 18:51:40,915 [WARN] PackLoader:240 - Cannot read IP mode file for STMicroelectronics.X-CUBE-AZRTOS-L5.1.1.0
2023-10-11 18:51:40,923 [WARN] PackLoader:240 - Cannot read IP mode file for STMicroelectronics.X-CUBE-SUBG2.5.0.0
2023-10-11 18:51:40,932 [WARN] PackLoader:240 - Cannot read IP mode file for STMicroelectronics.X-CUBE-TOF1.3.3.1
2023-10-11 18:51:40,945 [WARN] PackLoader:240 - Cannot read IP mode file for STMicroelectronics.X-CUBE-AZRTOS-G4.2.0.0
2023-10-11 18:51:40,948 [WARN] PackLoader:240 - Cannot read IP mode file for STMicroelectronics.FP-ATR-ASTRA1.1.1.1
2023-10-11 18:51:40,958 [WARN] PackLoader:240 - Cannot read IP mode file for Infineon.AIROC-Wi-Fi-Bluetooth-STM32.1.5.1
2023-10-11 18:51:40,969 [WARN] PackLoader:240 - Cannot read IP mode file for STMicroelectronics.X-CUBE-AZRTOS-G4.1.0.0
2023-10-11 18:51:40,978 [WARN] PackLoader:240 - Cannot read IP mode file for STMicroelectronics.X-CUBE-AZRTOS-L4.1.0.0
2023-10-11 18:51:40,982 [WARN] PackLoader:240 - Cannot read IP mode file for STMicroelectronics.X-CUBE-FREERTOS.1.1.0
2023-10-11 18:51:40,988 [WARN] PackLoader:240 - Cannot read IP mode file for STMicroelectronics.X-CUBE-AZRTOS-WL.1.0.0
2023-10-11 18:51:40,993 [WARN] PackLoader:240 - Cannot read IP mode file for portGmbH.I-Cube-SoM-uGOAL.1.1.0
2023-10-11 18:51:40,996 [WARN] PackLoader:240 - Cannot read IP mode file for STMicroelectronics.X-CUBE-ALS.1.0.1
2023-10-11 18:51:41,003 [WARN] PackLoader:240 - Cannot read IP mode file for STMicroelectronics.X-CUBE-AZRTOS-WB.1.1.0
2023-10-11 18:51:41,006 [WARN] PackLoader:240 - Cannot read IP mode file for STMicroelectronics.FP-ATR-ASTRA1.2.0.0
2023-10-11 18:51:41,007 [INFO] ThirdParty:978 - Integrity check success = true
2023-10-11 18:51:41,007 [INFO] IntegrityCheckThread:100 - exiting critical section [integrity check]
2023-10-11 18:51:41,007 [INFO] IntegrityCheckThread:103 - End integrity checks thread
2023-10-11 18:51:58,783 [ERROR] LogOutputStream:75 - [STDERR_REDIRECT] SLF4J: Failed to load class "org.slf4j.impl.StaticLoggerBinder".
2023-10-11 18:51:58,784 [ERROR] LogOutputStream:75 - [STDERR_REDIRECT] SLF4J: Defaulting to no-operation (NOP) logger implementation
2023-10-11 18:51:58,785 [ERROR] LogOutputStream:75 - [STDERR_REDIRECT] SLF4J: See http://www.slf4j.org/codes.html#StaticLoggerBinder for further details.
