2023-10-10 21:40:35,670 [INFO] Activator:176 - 


2023-10-10 21:40:35,672 [INFO] Activator:177 - !SESSION log4j initialized
2023-10-10 21:40:37,490 [INFO] LogOutputStream:77 - [STDOUT_REDIRECT] 
2023-10-10 21:40:46,841 [INFO] ApplicationProperties:184 - Using Application install path: C:\ST\STM32CubeIDE_1.12.0\STM32CubeIDE\plugins\com.st.stm32cube.common.mx_6.9.2.202309101412
2023-10-10 21:40:46,892 [INFO] DbMcusXml:78 - Set database path to: C:\ST\STM32CubeIDE_1.12.0\STM32CubeIDE\plugins\com.st.stm32cube.common.mx_6.9.2.202309101412\\db\/mcu/
2023-10-10 21:40:46,892 [INFO] ApiDb:274 - Set plugin database path to: C:\ST\STM32CubeIDE_1.12.0\STM32CubeIDE\plugins\com.st.stm32cube.common.mx_6.9.2.202309101412\\db\/plugins/boardmanager/
2023-10-10 21:40:46,899 [WARN] ApiDb:259 - Overriding images path with different value:  => C:\ST\STM32CubeIDE_1.12.0\STM32CubeIDE\plugins\com.st.stm32cube.common.mx_6.9.2.202309101412\\db\/plugins/mcufinder/images/
2023-10-10 21:40:46,913 [INFO] ApiDb:250 - Set database path to: C:\Users\Joshi\.stmcufinder\plugins\mcufinder//mcu/
2023-10-10 21:40:46,915 [INFO] DbMcusAds:125 - Set database path to: C:\Users\Joshi\.stmcufinder\plugins\mcufinder//mcu/
2023-10-10 21:40:46,920 [INFO] CrossReferenceDbSqlite:203 - Set database path to: C:\Users\Joshi\.stmcufinder\plugins\mcufinder//mcu/cs/
2023-10-10 21:40:47,160 [INFO] RulesReader:64 - Compatibility file has been processed (293 Rules)
2023-10-10 21:40:47,310 [INFO] DbMcusXml:78 - Set database path to: C:\ST\STM32CubeIDE_1.12.0\STM32CubeIDE\plugins\com.st.stm32cube.common.mx_6.9.2.202309101412\\db\/mcu/
2023-10-10 21:40:47,310 [INFO] ApiDb:274 - Set plugin database path to: C:\ST\STM32CubeIDE_1.12.0\STM32CubeIDE\plugins\com.st.stm32cube.common.mx_6.9.2.202309101412\\db\/plugins/boardmanager/
2023-10-10 21:40:47,310 [INFO] ApiDb:261 - Set plugin images path to: C:\ST\STM32CubeIDE_1.12.0\STM32CubeIDE\plugins\com.st.stm32cube.common.mx_6.9.2.202309101412\\db\/plugins/mcufinder/images/
2023-10-10 21:40:47,311 [WARN] DbFile:41 - Overriding database path with different value: C:\Users\Joshi\.stmcufinder\plugins\mcufinder/ => C:\Users\Joshi\.stmcufinder\plugins\mcufinder
2023-10-10 21:40:47,311 [INFO] ApiDb:250 - Set database path to: C:\Users\Joshi\.stmcufinder\plugins\mcufinder//mcu/
2023-10-10 21:40:47,311 [WARN] DbFile:41 - Overriding database path with different value: C:\Users\Joshi\.stmcufinder\plugins\mcufinder/ => C:\Users\Joshi\.stmcufinder\plugins\mcufinder
2023-10-10 21:40:47,311 [INFO] DbMcusAds:125 - Set database path to: C:\Users\Joshi\.stmcufinder\plugins\mcufinder//mcu/
2023-10-10 21:40:47,311 [WARN] DbFile:41 - Overriding database path with different value: C:\Users\Joshi\.stmcufinder\plugins\mcufinder/ => C:\Users\Joshi\.stmcufinder\plugins\mcufinder
2023-10-10 21:40:47,311 [WARN] DbFile:41 - Overriding database path with different value: C:\Users\Joshi\.stmcufinder\plugins\mcufinder/ => C:\Users\Joshi\.stmcufinder\plugins\mcufinder
2023-10-10 21:40:47,311 [INFO] CrossReferenceDbSqlite:203 - Set database path to: C:\Users\Joshi\.stmcufinder\plugins\mcufinder//mcu/cs/
2023-10-10 21:40:47,395 [INFO] MainPanel:262 - HeapMemory: 268435456
2023-10-10 21:40:47,527 [INFO] DbMcusXml:78 - Set database path to: C:\ST\STM32CubeIDE_1.12.0\STM32CubeIDE\plugins\com.st.stm32cube.common.mx_6.9.2.202309101412\\db\/mcu/
2023-10-10 21:40:47,527 [INFO] ApiDb:274 - Set plugin database path to: C:\ST\STM32CubeIDE_1.12.0\STM32CubeIDE\plugins\com.st.stm32cube.common.mx_6.9.2.202309101412\\db\/plugins/boardmanager/
2023-10-10 21:40:47,527 [INFO] ApiDb:261 - Set plugin images path to: C:\ST\STM32CubeIDE_1.12.0\STM32CubeIDE\plugins\com.st.stm32cube.common.mx_6.9.2.202309101412\\db\/plugins/mcufinder/images/
2023-10-10 21:40:47,528 [WARN] DbFile:41 - Overriding database path with different value: C:\Users\Joshi\.stmcufinder\plugins\mcufinder/ => C:\Users\Joshi\.stmcufinder\plugins\mcufinder
2023-10-10 21:40:47,528 [INFO] ApiDb:250 - Set database path to: C:\Users\Joshi\.stmcufinder\plugins\mcufinder//mcu/
2023-10-10 21:40:47,528 [WARN] DbFile:41 - Overriding database path with different value: C:\Users\Joshi\.stmcufinder\plugins\mcufinder/ => C:\Users\Joshi\.stmcufinder\plugins\mcufinder
2023-10-10 21:40:47,528 [INFO] DbMcusAds:125 - Set database path to: C:\Users\Joshi\.stmcufinder\plugins\mcufinder//mcu/
2023-10-10 21:40:47,528 [WARN] DbFile:41 - Overriding database path with different value: C:\Users\Joshi\.stmcufinder\plugins\mcufinder/ => C:\Users\Joshi\.stmcufinder\plugins\mcufinder
2023-10-10 21:40:47,529 [WARN] DbFile:41 - Overriding database path with different value: C:\Users\Joshi\.stmcufinder\plugins\mcufinder/ => C:\Users\Joshi\.stmcufinder\plugins\mcufinder
2023-10-10 21:40:47,529 [INFO] CrossReferenceDbSqlite:203 - Set database path to: C:\Users\Joshi\.stmcufinder\plugins\mcufinder//mcu/cs/
2023-10-10 21:40:47,553 [INFO] ApplicationProperties:184 - Using Application install path: C:\ST\STM32CubeIDE_1.12.0\STM32CubeIDE\plugins\com.st.stm32cube.common.mx_6.9.2.202309101412
2023-10-10 21:40:47,556 [INFO] PluginManage:196 - Search for loadable plugins [exclusion list=, ]
2023-10-10 21:40:47,557 [INFO] PluginManage:310 - Check plugin analytics
2023-10-10 21:40:52,399 [INFO] AnalyticsPlugin:253 - Accepted Software Licenses: 
2023-10-10 21:40:52,400 [INFO] AnalyticsPlugin:255 - Accepted CMSIS Pack Licenses: 
2023-10-10 21:40:52,400 [INFO] AnalyticsPlugin:257 - Accepted Firmware Licenses: 
2023-10-10 21:40:52,402 [INFO] PluginManage:359 - Loaded plugin analytics (category:tool,tabindex:-1)
2023-10-10 21:40:52,402 [INFO] PluginManage:310 - Check plugin cadmodel
2023-10-10 21:40:52,405 [INFO] CADModel:105 - Init CAD model plugin
2023-10-10 21:40:52,406 [INFO] PluginManage:359 - Loaded plugin cadmodel (category:power,tabindex:5)
2023-10-10 21:40:52,406 [INFO] PluginManage:310 - Check plugin clock
2023-10-10 21:40:52,414 [INFO] PluginManage:359 - Loaded plugin clock (category:base,tabindex:2)
2023-10-10 21:40:52,415 [INFO] PluginManage:310 - Check plugin ddr
2023-10-10 21:40:52,416 [INFO] PluginManage:359 - Loaded plugin ddr (category:tool,tabindex:6)
2023-10-10 21:40:52,417 [INFO] PluginManage:310 - Check plugin filemanager
2023-10-10 21:40:52,509 [INFO] PluginManage:359 - Loaded plugin filemanager (category:base,tabindex:10)
2023-10-10 21:40:52,509 [INFO] PluginManage:310 - Check plugin ipmanager
2023-10-10 21:40:52,514 [INFO] PluginManage:359 - Loaded plugin ipmanager (category:base,tabindex:5)
2023-10-10 21:40:52,514 [INFO] PluginManage:310 - Check plugin lpbam
2023-10-10 21:40:52,519 [INFO] PluginManage:359 - Loaded plugin lpbam (category:base,tabindex:0)
2023-10-10 21:40:52,520 [INFO] PluginManage:310 - Check plugin memorymap
2023-10-10 21:40:52,527 [INFO] PluginManage:359 - Loaded plugin memorymap (category:base,tabindex:4)
2023-10-10 21:40:52,527 [INFO] PluginManage:310 - Check plugin pinoutandconfiguration
2023-10-10 21:40:52,531 [INFO] PluginManage:359 - Loaded plugin pinoutandconfiguration (category:base,tabindex:1)
2023-10-10 21:40:52,531 [INFO] PluginManage:310 - Check plugin pinoutconfig
2023-10-10 21:40:52,586 [WARN] SupportedApi:132 - Cannot load RTOS API schema: s4s-elt-must-match.1: The content of 'definitions' must match (annotation?, (simpleType | complexType)?, (unique | key | keyref)*)). A problem was found starting at: attribute.
2023-10-10 21:40:52,683 [INFO] PluginManage:359 - Loaded plugin pinoutconfig (category:base,tabindex:0)
2023-10-10 21:40:52,683 [INFO] PluginManage:310 - Check plugin power
2023-10-10 21:40:52,688 [INFO] PluginManage:359 - Loaded plugin power (category:power,tabindex:4)
2023-10-10 21:40:52,689 [INFO] PluginManage:310 - Check plugin projectmanager
2023-10-10 21:40:52,699 [INFO] PluginManage:359 - Loaded plugin projectmanager (category:projectmanager,tabindex:3)
2023-10-10 21:40:52,699 [INFO] PluginManage:310 - Check plugin thirdparty
2023-10-10 21:40:52,783 [INFO] PluginManage:359 - Loaded plugin thirdparty (category:base,tabindex:-1)
2023-10-10 21:40:52,783 [INFO] PluginManage:310 - Check plugin tools
2023-10-10 21:40:52,783 [WARN] IntegrityCheckThread:84 - waiting for thirdparty lock release [integrity check]
2023-10-10 21:40:52,783 [INFO] IntegrityCheckThread:86 - entering critical section [integrity check]
2023-10-10 21:40:52,783 [INFO] ThirdPartyUpdaterWithRetryManager:70 - Updater plugin not ready yet. [1/15]
2023-10-10 21:40:52,785 [INFO] PluginManage:359 - Loaded plugin tools (category:base,tabindex:7)
2023-10-10 21:40:52,785 [INFO] PluginManage:310 - Check plugin tutovideos
2023-10-10 21:40:52,892 [INFO] PluginManage:359 - Loaded plugin tutovideos (category:base,tabindex:-1)
2023-10-10 21:40:52,892 [INFO] PluginManage:310 - Check plugin updater
2023-10-10 21:40:52,899 [INFO] PluginManage:359 - Loaded plugin updater (category:base,tabindex:12)
2023-10-10 21:40:52,899 [INFO] PluginManage:310 - Check plugin userauth
2023-10-10 21:40:52,903 [INFO] UserAuth:113 - Init User Auth plugin
2023-10-10 21:40:52,903 [INFO] PluginManage:359 - Loaded plugin userauth (category:base,tabindex:14)
2023-10-10 21:40:52,904 [INFO] PluginManage:283 - PluginManage : Loaded plugins [17]
2023-10-10 21:40:53,068 [INFO] PinOutPanel:1499 - setPackage(No Configuration,No Configuration)
2023-10-10 21:40:53,143 [INFO] CADModel:165 - CPN selected for project level
2023-10-10 21:40:53,143 [INFO] CADModel:114 - Register for checkConnection events
2023-10-10 21:40:53,153 [INFO] IPUIPlugin:80 - create IPUIPlugin
2023-10-10 21:40:53,153 [INFO] PluginManager:220 - loadIPPluginJar : add adc
2023-10-10 21:40:53,155 [INFO] IPUIPlugin:80 - create IPUIPlugin
2023-10-10 21:40:53,155 [INFO] PluginManager:220 - loadIPPluginJar : add aes
2023-10-10 21:40:53,156 [INFO] IPUIPlugin:80 - create IPUIPlugin
2023-10-10 21:40:53,157 [INFO] PluginManager:220 - loadIPPluginJar : add can
2023-10-10 21:40:53,158 [INFO] IPUIPlugin:80 - create IPUIPlugin
2023-10-10 21:40:53,158 [INFO] PluginManager:220 - loadIPPluginJar : add comp
2023-10-10 21:40:53,160 [INFO] IPUIPlugin:80 - create IPUIPlugin
2023-10-10 21:40:53,160 [INFO] PluginManager:220 - loadIPPluginJar : add cryp
2023-10-10 21:40:53,161 [INFO] IPUIPlugin:80 - create IPUIPlugin
2023-10-10 21:40:53,161 [INFO] PluginManager:220 - loadIPPluginJar : add dfsdm
2023-10-10 21:40:53,164 [INFO] IPUIPlugin:80 - create IPUIPlugin
2023-10-10 21:40:53,165 [INFO] PluginManager:220 - loadIPPluginJar : add dma
2023-10-10 21:40:53,166 [INFO] IPUIPlugin:80 - create IPUIPlugin
2023-10-10 21:40:53,166 [INFO] PluginManager:220 - loadIPPluginJar : add dma3
2023-10-10 21:40:53,167 [INFO] IPUIPlugin:80 - create IPUIPlugin
2023-10-10 21:40:53,167 [INFO] PluginManager:220 - loadIPPluginJar : add fatfs
2023-10-10 21:40:53,170 [INFO] IPUIPlugin:80 - create IPUIPlugin
2023-10-10 21:40:53,170 [INFO] PluginManager:220 - loadIPPluginJar : add fmc
2023-10-10 21:40:53,172 [INFO] IPUIPlugin:80 - create IPUIPlugin
2023-10-10 21:40:53,173 [INFO] PluginManager:220 - loadIPPluginJar : add freertos
2023-10-10 21:40:53,173 [INFO] IPUIPlugin:80 - create IPUIPlugin
2023-10-10 21:40:53,173 [INFO] PluginManager:220 - loadIPPluginJar : add genericplugin
2023-10-10 21:40:53,175 [INFO] IPUIPlugin:80 - create IPUIPlugin
2023-10-10 21:40:53,175 [INFO] PluginManager:220 - loadIPPluginJar : add gfxmmu
2023-10-10 21:40:53,178 [INFO] IPUIPlugin:80 - create IPUIPlugin
2023-10-10 21:40:53,178 [INFO] PluginManager:220 - loadIPPluginJar : add gic
2023-10-10 21:40:53,180 [INFO] IPUIPlugin:80 - create IPUIPlugin
2023-10-10 21:40:53,180 [INFO] PluginManager:220 - loadIPPluginJar : add gpio
2023-10-10 21:40:53,182 [INFO] IPUIPlugin:80 - create IPUIPlugin
2023-10-10 21:40:53,182 [INFO] PluginManager:220 - loadIPPluginJar : add gtzc
2023-10-10 21:40:53,184 [INFO] IPUIPlugin:80 - create IPUIPlugin
2023-10-10 21:40:53,184 [INFO] PluginManager:220 - loadIPPluginJar : add hash
2023-10-10 21:40:53,185 [INFO] IPUIPlugin:80 - create IPUIPlugin
2023-10-10 21:40:53,185 [INFO] PluginManager:220 - loadIPPluginJar : add i2c
2023-10-10 21:40:53,187 [INFO] IPUIPlugin:80 - create IPUIPlugin
2023-10-10 21:40:53,187 [INFO] PluginManager:220 - loadIPPluginJar : add i2s
2023-10-10 21:40:53,193 [INFO] IPUIPlugin:80 - create IPUIPlugin
2023-10-10 21:40:53,193 [INFO] PluginManager:220 - loadIPPluginJar : add i3c
2023-10-10 21:40:53,195 [INFO] IPUIPlugin:80 - create IPUIPlugin
2023-10-10 21:40:53,195 [INFO] PluginManager:220 - loadIPPluginJar : add ipddr
2023-10-10 21:40:53,200 [INFO] IPUIPlugin:80 - create IPUIPlugin
2023-10-10 21:40:53,200 [INFO] PluginManager:220 - loadIPPluginJar : add linkedlist
2023-10-10 21:40:53,202 [INFO] IPUIPlugin:80 - create IPUIPlugin
2023-10-10 21:40:53,202 [INFO] PluginManager:220 - loadIPPluginJar : add lorawan
2023-10-10 21:40:53,203 [INFO] IPUIPlugin:80 - create IPUIPlugin
2023-10-10 21:40:53,203 [INFO] PluginManager:220 - loadIPPluginJar : add ltdc
2023-10-10 21:40:53,206 [INFO] IPUIPlugin:80 - create IPUIPlugin
2023-10-10 21:40:53,206 [INFO] PluginManager:220 - loadIPPluginJar : add mdma
2023-10-10 21:40:53,208 [INFO] IPUIPlugin:80 - create IPUIPlugin
2023-10-10 21:40:53,209 [INFO] PluginManager:220 - loadIPPluginJar : add nvic
2023-10-10 21:40:53,210 [INFO] IPUIPlugin:80 - create IPUIPlugin
2023-10-10 21:40:53,210 [INFO] PluginManager:220 - loadIPPluginJar : add opamp
2023-10-10 21:40:53,212 [INFO] IPUIPlugin:80 - create IPUIPlugin
2023-10-10 21:40:53,212 [INFO] PluginManager:220 - loadIPPluginJar : add openamp
2023-10-10 21:40:53,214 [INFO] IPUIPlugin:80 - create IPUIPlugin
2023-10-10 21:40:53,214 [INFO] PluginManager:220 - loadIPPluginJar : add pdm2pcm
2023-10-10 21:40:53,218 [INFO] IPUIPlugin:80 - create IPUIPlugin
2023-10-10 21:40:53,219 [INFO] PluginManager:220 - loadIPPluginJar : add plateformsettings
2023-10-10 21:40:53,221 [INFO] IPUIPlugin:80 - create IPUIPlugin
2023-10-10 21:40:53,221 [INFO] PluginManager:220 - loadIPPluginJar : add quadspi
2023-10-10 21:40:53,223 [INFO] IPUIPlugin:80 - create IPUIPlugin
2023-10-10 21:40:53,223 [INFO] PluginManager:220 - loadIPPluginJar : add resmgrutility
2023-10-10 21:40:53,225 [INFO] IPUIPlugin:80 - create IPUIPlugin
2023-10-10 21:40:53,225 [INFO] PluginManager:220 - loadIPPluginJar : add sai
2023-10-10 21:40:53,227 [INFO] IPUIPlugin:80 - create IPUIPlugin
2023-10-10 21:40:53,227 [INFO] PluginManager:220 - loadIPPluginJar : add spi
2023-10-10 21:40:53,229 [INFO] IPUIPlugin:80 - create IPUIPlugin
2023-10-10 21:40:53,230 [INFO] PluginManager:220 - loadIPPluginJar : add stm32_wpan
2023-10-10 21:40:53,231 [INFO] IPUIPlugin:80 - create IPUIPlugin
2023-10-10 21:40:53,231 [INFO] PluginManager:220 - loadIPPluginJar : add tim
2023-10-10 21:40:53,232 [INFO] IPUIPlugin:80 - create IPUIPlugin
2023-10-10 21:40:53,232 [INFO] PluginManager:220 - loadIPPluginJar : add touchsensing
2023-10-10 21:40:53,233 [INFO] IPUIPlugin:80 - create IPUIPlugin
2023-10-10 21:40:53,233 [INFO] PluginManager:220 - loadIPPluginJar : add tracer_emb
2023-10-10 21:40:53,234 [INFO] IPUIPlugin:80 - create IPUIPlugin
2023-10-10 21:40:53,234 [INFO] PluginManager:220 - loadIPPluginJar : add ts
2023-10-10 21:40:53,236 [INFO] IPUIPlugin:80 - create IPUIPlugin
2023-10-10 21:40:53,236 [INFO] PluginManager:220 - loadIPPluginJar : add tsc
2023-10-10 21:40:53,237 [INFO] IPUIPlugin:80 - create IPUIPlugin
2023-10-10 21:40:53,237 [INFO] PluginManager:220 - loadIPPluginJar : add ucpd
2023-10-10 21:40:53,238 [INFO] IPUIPlugin:80 - create IPUIPlugin
2023-10-10 21:40:53,238 [INFO] PluginManager:220 - loadIPPluginJar : add usart
2023-10-10 21:40:53,240 [INFO] IPUIPlugin:80 - create IPUIPlugin
2023-10-10 21:40:53,240 [INFO] PluginManager:220 - loadIPPluginJar : add usbx
2023-10-10 21:40:53,347 [INFO] CADModel:165 - CPN selected for project level
2023-10-10 21:40:53,347 [INFO] CADModel:114 - Register for checkConnection events
2023-10-10 21:40:53,347 [FATAL] Updater:308 - Updater called before beeing initialized
2023-10-10 21:40:53,347 [ERROR] CADModel:125 - Updater not yet initialized, retry later 
2023-10-10 21:40:53,443 [INFO] CADModel:165 - CPN selected for project level
2023-10-10 21:40:53,444 [INFO] CADModel:114 - Register for checkConnection events
2023-10-10 21:40:53,444 [FATAL] Updater:308 - Updater called before beeing initialized
2023-10-10 21:40:53,444 [ERROR] CADModel:125 - Updater not yet initialized, retry later 
2023-10-10 21:40:53,446 [FATAL] Updater:308 - Updater called before beeing initialized
2023-10-10 21:40:53,514 [FATAL] Updater:308 - Updater called before beeing initialized
2023-10-10 21:40:53,517 [INFO] DbMcusAds:53 - JSON generation date=Tue Mar 07 09:50:55 CET 2023 (1678179055335)
2023-10-10 21:40:53,517 [FATAL] Updater:308 - Updater called before beeing initialized
2023-10-10 21:40:53,542 [WARN] DetailPanel:346 - Failed to get advertising image, set to default
2023-10-10 21:40:53,618 [FATAL] Updater:308 - Updater called before beeing initialized
2023-10-10 21:40:53,619 [FATAL] Updater:308 - Updater called before beeing initialized
2023-10-10 21:40:53,619 [FATAL] Updater:308 - Updater called before beeing initialized
2023-10-10 21:40:53,619 [WARN] DetailPanel:346 - Failed to get advertising image, set to default
2023-10-10 21:40:53,619 [FATAL] Updater:308 - Updater called before beeing initialized
2023-10-10 21:40:53,647 [ERROR] Updater:1120 - MainUpdater not yet initialized. External WinMGr cannot be set.
2023-10-10 21:40:53,649 [INFO] Updater:1056 - Updater Version found : 6.9.2
2023-10-10 21:40:53,660 [INFO] ApplicationProperties:184 - Using Application install path: C:\ST\STM32CubeIDE_1.12.0\STM32CubeIDE\plugins\com.st.stm32cube.common.mx_6.9.2.202309101412
2023-10-10 21:40:53,854 [INFO] MainUpdater:2868 - connection check result : 10
2023-10-10 21:40:53,854 [INFO] MainUpdater:285 - Updater Check For Update Now.
2023-10-10 21:40:53,855 [INFO] MicroXplorer:498 - Change Database Version : DB.6.0.92
2023-10-10 21:40:53,860 [INFO] McuFinderGlobals:63 - Set McuFinder mode to 2 (CubeIDE integrated)
2023-10-10 21:40:54,020 [INFO] CheckServerUpdateThread:120 - End of CheckServer Thread
2023-10-10 21:40:55,904 [WARN] PackLoader:240 - Cannot read IP mode file for STMicroelectronics.X-CUBE-SMBUS.2.1.0
2023-10-10 21:40:55,934 [WARN] PackLoader:240 - Cannot read IP mode file for STMicroelectronics.X-CUBE-AZRTOS-F7.1.1.0
2023-10-10 21:40:55,948 [WARN] PackLoader:240 - Cannot read IP mode file for STMicroelectronics.FP-SNS-MOTENV1.4.3.2
2023-10-10 21:40:55,959 [WARN] PackLoader:240 - Cannot read IP mode file for STMicroelectronics.X-CUBE-BLE1.6.2.4
2023-10-10 21:40:55,964 [WARN] PackLoader:240 - Cannot read IP mode file for STMicroelectronics.FP-SNS-FLIGHT1.5.0.2
2023-10-10 21:40:55,972 [WARN] PackLoader:240 - Cannot read IP mode file for STMicroelectronics.X-CUBE-DISPLAY.3.0.0
2023-10-10 21:40:55,980 [WARN] PackLoader:240 - Cannot read IP mode file for STMicroelectronics.X-CUBE-BLE1.7.0.0
2023-10-10 21:40:55,986 [WARN] PackLoader:240 - Cannot read IP mode file for STMicroelectronics.X-CUBE-TOUCHGFX.4.22.1
2023-10-10 21:40:55,990 [WARN] PackLoader:240 - Cannot read IP mode file for STMicroelectronics.FP-SNS-SMARTAG2.1.2.0
2023-10-10 21:40:56,002 [INFO] LogOutputStream:77 - [STDOUT_REDIRECT] 1 : Invalid condition id : UX_CORESTACK_Condition cause : null
2023-10-10 21:40:56,002 [INFO] LogOutputStream:77 - [STDOUT_REDIRECT] 1 : Invalid condition id : UX_CORESTACK_Condition cause : null
2023-10-10 21:40:56,003 [INFO] LogOutputStream:77 - [STDOUT_REDIRECT] 1 : Invalid condition id : UX_CORESTACK_Condition cause : null
2023-10-10 21:40:56,005 [INFO] LogOutputStream:77 - [STDOUT_REDIRECT] 1 : Invalid condition id : UX_CORESTACK_Condition cause : null
2023-10-10 21:40:56,006 [INFO] LogOutputStream:77 - [STDOUT_REDIRECT] 1 : Invalid condition id : UX_CORESTACK_Condition cause : null
2023-10-10 21:40:56,009 [WARN] PackLoader:240 - Cannot read IP mode file for STMicroelectronics.X-CUBE-AZRTOS-WL.2.0.0
2023-10-10 21:40:56,019 [WARN] PackLoader:240 - Cannot read IP mode file for WES.I-CUBE-Cesium.1.3.0
2023-10-10 21:40:56,025 [WARN] PackLoader:240 - Cannot read IP mode file for STMicroelectronics.X-CUBE-BLE2.3.3.0
2023-10-10 21:40:56,036 [WARN] PackLoader:240 - Cannot read IP mode file for STMicroelectronics.X-CUBE-TOF1.3.2.0
2023-10-10 21:40:56,046 [WARN] PackLoader:240 - Cannot read IP mode file for emotas.I-CUBE-CANOPEN.1.2.0
2023-10-10 21:40:56,049 [WARN] PackLoader:240 - Cannot read IP mode file for STMicroelectronics.X-CUBE-TOUCHGFX.4.21.1
2023-10-10 21:40:56,053 [WARN] PackLoader:240 - Cannot read IP mode file for STMicroelectronics.X-CUBE-ALGOBUILD.1.3.0
2023-10-10 21:40:56,067 [WARN] PackLoader:240 - Cannot read IP mode file for STMicroelectronics.X-CUBE-AZRTOS-G0.1.1.0
2023-10-10 21:40:56,073 [WARN] PackLoader:240 - Cannot read IP mode file for STMicroelectronics.X-CUBE-NFC4.3.0.0
2023-10-10 21:40:56,078 [WARN] PackLoader:240 - Cannot read IP mode file for STMicroelectronics.FP-ATR-SIGFOX1.3.2.0
2023-10-10 21:40:56,114 [WARN] PackLoader:240 - Cannot read IP mode file for STMicroelectronics.X-CUBE-MEMS1.9.5.0
2023-10-10 21:40:56,234 [WARN] PackLoader:240 - Cannot read IP mode file for SEGGER.I-CUBE-embOS.1.3.1
2023-10-10 21:40:56,261 [WARN] PackLoader:240 - Cannot read IP mode file for STMicroelectronics.X-CUBE-GNSS1.6.0.0
2023-10-10 21:40:56,271 [WARN] PackLoader:240 - Cannot read IP mode file for STMicroelectronics.X-CUBE-AZRTOS-F4.1.1.0
2023-10-10 21:40:56,287 [WARN] PackLoader:240 - Cannot read IP mode file for STMicroelectronics.X-CUBE-AZRTOS-L5.2.0.0
2023-10-10 21:40:56,315 [WARN] PackLoader:240 - Cannot read IP mode file for STMicroelectronics.X-CUBE-MEMS1.9.6.0
2023-10-10 21:40:56,390 [WARN] PackLoader:240 - Cannot read IP mode file for ITTIA_DB.I-CUBE-ITTIADB.8.8.0
2023-10-10 21:40:56,395 [WARN] PackLoader:240 - Cannot read IP mode file for STMicroelectronics.X-CUBE-BLEMGR.2.0.0
2023-10-10 21:40:56,415 [WARN] ConditionMgr:438 - getConditionDescription Invalid condition id : UX DEVICE CLASS RTOS Condition cause : null
2023-10-10 21:40:56,415 [WARN] ConditionMgr:438 - getConditionDescription Invalid condition id : UX DEVICE CLASS RTOS Condition cause : null
2023-10-10 21:40:56,417 [WARN] PackLoader:240 - Cannot read IP mode file for STMicroelectronics.X-CUBE-AZRTOS-H7.3.1.0
2023-10-10 21:40:56,418 [WARN] ConditionMgr:1039 - genDependencies : Invalid condition id : UX DEVICE CLASS RTOS Condition cause : null
2023-10-10 21:40:56,418 [WARN] ConditionMgr:1039 - genDependencies : Invalid condition id : UX DEVICE CLASS RTOS Condition cause : null
2023-10-10 21:40:56,418 [WARN] ConditionMgr:1039 - genDependencies : Invalid condition id : UX DEVICE CLASS RTOS Condition cause : null
2023-10-10 21:40:56,419 [WARN] ConditionMgr:1039 - genDependencies : Invalid condition id : UX DEVICE CLASS RTOS Condition cause : null
2023-10-10 21:40:56,419 [WARN] ConditionMgr:1039 - genDependencies : Invalid condition id : UX DEVICE CLASS RTOS Condition cause : null
2023-10-10 21:40:56,423 [WARN] PackLoader:240 - Cannot read IP mode file for wolfSSL.I-CUBE-wolfSSL.5.5.4
2023-10-10 21:40:56,428 [WARN] PackLoader:240 - Cannot read IP mode file for STMicroelectronics.X-CUBE-NFC7.1.0.1
2023-10-10 21:40:56,432 [WARN] PackLoader:240 - Cannot read IP mode file for STMicroelectronics.X-CUBE-NFC7.1.0.0
2023-10-10 21:40:56,438 [WARN] PackLoader:240 - Cannot read IP mode file for STMicroelectronics.X-CUBE-NFC6.3.0.0
2023-10-10 21:40:56,442 [WARN] PackLoader:240 - Cannot read IP mode file for STMicroelectronics.X-CUBE-EEPRMA1.4.1.0
2023-10-10 21:40:56,446 [WARN] PackLoader:240 - Cannot read IP mode file for STMicroelectronics.X-CUBE-AI.8.1.0
2023-10-10 21:40:56,457 [WARN] ConditionMgr:438 - getConditionDescription Invalid condition id : LAN8742 Phy interface Condition cause : null
2023-10-10 21:40:56,458 [WARN] PackLoader:240 - Cannot read IP mode file for STMicroelectronics.X-CUBE-AZRTOS-L4.2.0.0
2023-10-10 21:40:56,459 [WARN] ConditionMgr:1039 - genDependencies : Invalid condition id : LAN8742 Phy interface Condition cause : null
2023-10-10 21:40:56,459 [WARN] ConditionMgr:1039 - genDependencies : Invalid condition id : LAN8742 Phy interface Condition cause : null
2023-10-10 21:40:56,459 [WARN] ConditionMgr:1039 - genDependencies : Invalid condition id : LAN8742 Phy interface Condition cause : null
2023-10-10 21:40:56,465 [WARN] PackLoader:240 - Cannot read IP mode file for STMicroelectronics.X-CUBE-SFXS2LP1.4.0.0
2023-10-10 21:40:56,477 [WARN] PackLoader:240 - Cannot read IP mode file for STMicroelectronics.X-CUBE-AZRTOS-H7.3.0.0
2023-10-10 21:40:56,482 [WARN] PackLoader:240 - Cannot read IP mode file for STMicroelectronics.X-CUBE-ISPU.1.1.0
2023-10-10 21:40:56,487 [WARN] PackLoader:240 - Cannot read IP mode file for RoweBots.I-CUBE-UNISONRTOS.5.5.0-4
2023-10-10 21:40:56,491 [WARN] PackLoader:240 - Cannot read IP mode file for STMicroelectronics.X-CUBE-AI.8.0.0
2023-10-10 21:40:56,501 [WARN] ConditionMgr:438 - getConditionDescription Invalid condition id : UX DEVICE CLASS RTOS Condition cause : null
2023-10-10 21:40:56,501 [WARN] ConditionMgr:438 - getConditionDescription Invalid condition id : UX DEVICE CLASS RTOS Condition cause : null
2023-10-10 21:40:56,503 [WARN] PackLoader:240 - Cannot read IP mode file for STMicroelectronics.X-CUBE-AZRTOS-WB.2.0.0
2023-10-10 21:40:56,504 [WARN] ConditionMgr:1039 - genDependencies : Invalid condition id : UX DEVICE CLASS RTOS Condition cause : null
2023-10-10 21:40:56,504 [WARN] ConditionMgr:1039 - genDependencies : Invalid condition id : UX DEVICE CLASS RTOS Condition cause : null
2023-10-10 21:40:56,504 [WARN] ConditionMgr:1039 - genDependencies : Invalid condition id : UX DEVICE CLASS RTOS Condition cause : null
2023-10-10 21:40:56,504 [WARN] ConditionMgr:1039 - genDependencies : Invalid condition id : UX DEVICE CLASS RTOS Condition cause : null
2023-10-10 21:40:56,505 [WARN] ConditionMgr:1039 - genDependencies : Invalid condition id : UX DEVICE CLASS RTOS Condition cause : null
2023-10-10 21:40:56,508 [WARN] PackLoader:240 - Cannot read IP mode file for STMicroelectronics.X-CUBE-FREERTOS.1.0.0
2023-10-10 21:40:56,517 [WARN] PackLoader:240 - Cannot read IP mode file for STMicroelectronics.X-CUBE-AZRTOS-L5.1.1.0
2023-10-10 21:40:56,526 [WARN] PackLoader:240 - Cannot read IP mode file for STMicroelectronics.X-CUBE-SUBG2.5.0.0
2023-10-10 21:40:56,536 [WARN] PackLoader:240 - Cannot read IP mode file for STMicroelectronics.X-CUBE-TOF1.3.3.1
2023-10-10 21:40:56,550 [WARN] PackLoader:240 - Cannot read IP mode file for STMicroelectronics.X-CUBE-AZRTOS-G4.2.0.0
2023-10-10 21:40:56,554 [WARN] PackLoader:240 - Cannot read IP mode file for STMicroelectronics.FP-ATR-ASTRA1.1.1.1
2023-10-10 21:40:56,563 [WARN] PackLoader:240 - Cannot read IP mode file for Infineon.AIROC-Wi-Fi-Bluetooth-STM32.1.5.1
2023-10-10 21:40:56,574 [WARN] PackLoader:240 - Cannot read IP mode file for STMicroelectronics.X-CUBE-AZRTOS-G4.1.0.0
2023-10-10 21:40:56,584 [WARN] PackLoader:240 - Cannot read IP mode file for STMicroelectronics.X-CUBE-AZRTOS-L4.1.0.0
2023-10-10 21:40:56,589 [WARN] PackLoader:240 - Cannot read IP mode file for STMicroelectronics.X-CUBE-FREERTOS.1.1.0
2023-10-10 21:40:56,596 [WARN] PackLoader:240 - Cannot read IP mode file for STMicroelectronics.X-CUBE-AZRTOS-WL.1.0.0
2023-10-10 21:40:56,602 [WARN] PackLoader:240 - Cannot read IP mode file for portGmbH.I-Cube-SoM-uGOAL.1.1.0
2023-10-10 21:40:56,605 [WARN] PackLoader:240 - Cannot read IP mode file for STMicroelectronics.X-CUBE-ALS.1.0.1
2023-10-10 21:40:56,614 [WARN] PackLoader:240 - Cannot read IP mode file for STMicroelectronics.X-CUBE-AZRTOS-WB.1.1.0
2023-10-10 21:40:56,618 [WARN] PackLoader:240 - Cannot read IP mode file for STMicroelectronics.FP-ATR-ASTRA1.2.0.0
2023-10-10 21:40:56,618 [INFO] ThirdParty:978 - Integrity check success = true
2023-10-10 21:40:56,618 [INFO] IntegrityCheckThread:100 - exiting critical section [integrity check]
2023-10-10 21:40:56,618 [INFO] IntegrityCheckThread:103 - End integrity checks thread
