2023-10-12 19:02:25,199 [INFO] Activator:176 - 


2023-10-12 19:02:25,203 [INFO] Activator:177 - !SESSION log4j initialized
2023-10-12 19:02:30,102 [INFO] LogOutputStream:77 - [STDOUT_REDIRECT] 
2023-10-12 19:02:32,179 [INFO] ApplicationProperties:184 - Using Application install path: C:\ST\STM32CubeIDE_1.12.0\STM32CubeIDE\plugins\com.st.stm32cube.common.mx_6.9.2.202309101412
2023-10-12 19:02:32,225 [INFO] DbMcusXml:78 - Set database path to: C:\ST\STM32CubeIDE_1.12.0\STM32CubeIDE\plugins\com.st.stm32cube.common.mx_6.9.2.202309101412\\db\/mcu/
2023-10-12 19:02:32,226 [INFO] ApiDb:274 - Set plugin database path to: C:\ST\STM32CubeIDE_1.12.0\STM32CubeIDE\plugins\com.st.stm32cube.common.mx_6.9.2.202309101412\\db\/plugins/boardmanager/
2023-10-12 19:02:32,237 [WARN] ApiDb:259 - Overriding images path with different value:  => C:\ST\STM32CubeIDE_1.12.0\STM32CubeIDE\plugins\com.st.stm32cube.common.mx_6.9.2.202309101412\\db\/plugins/mcufinder/images/
2023-10-12 19:02:32,260 [INFO] ApiDb:250 - Set database path to: C:\Users\Joshi\.stmcufinder\plugins\mcufinder//mcu/
2023-10-12 19:02:32,262 [INFO] DbMcusAds:125 - Set database path to: C:\Users\Joshi\.stmcufinder\plugins\mcufinder//mcu/
2023-10-12 19:02:32,267 [INFO] CrossReferenceDbSqlite:203 - Set database path to: C:\Users\Joshi\.stmcufinder\plugins\mcufinder//mcu/cs/
2023-10-12 19:02:32,534 [INFO] RulesReader:64 - Compatibility file has been processed (293 Rules)
2023-10-12 19:02:32,657 [INFO] DbMcusXml:78 - Set database path to: C:\ST\STM32CubeIDE_1.12.0\STM32CubeIDE\plugins\com.st.stm32cube.common.mx_6.9.2.202309101412\\db\/mcu/
2023-10-12 19:02:32,657 [INFO] ApiDb:274 - Set plugin database path to: C:\ST\STM32CubeIDE_1.12.0\STM32CubeIDE\plugins\com.st.stm32cube.common.mx_6.9.2.202309101412\\db\/plugins/boardmanager/
2023-10-12 19:02:32,657 [INFO] ApiDb:261 - Set plugin images path to: C:\ST\STM32CubeIDE_1.12.0\STM32CubeIDE\plugins\com.st.stm32cube.common.mx_6.9.2.202309101412\\db\/plugins/mcufinder/images/
2023-10-12 19:02:32,657 [WARN] DbFile:41 - Overriding database path with different value: C:\Users\Joshi\.stmcufinder\plugins\mcufinder/ => C:\Users\Joshi\.stmcufinder\plugins\mcufinder
2023-10-12 19:02:32,658 [INFO] ApiDb:250 - Set database path to: C:\Users\Joshi\.stmcufinder\plugins\mcufinder//mcu/
2023-10-12 19:02:32,658 [WARN] DbFile:41 - Overriding database path with different value: C:\Users\Joshi\.stmcufinder\plugins\mcufinder/ => C:\Users\Joshi\.stmcufinder\plugins\mcufinder
2023-10-12 19:02:32,658 [INFO] DbMcusAds:125 - Set database path to: C:\Users\Joshi\.stmcufinder\plugins\mcufinder//mcu/
2023-10-12 19:02:32,658 [WARN] DbFile:41 - Overriding database path with different value: C:\Users\Joshi\.stmcufinder\plugins\mcufinder/ => C:\Users\Joshi\.stmcufinder\plugins\mcufinder
2023-10-12 19:02:32,658 [WARN] DbFile:41 - Overriding database path with different value: C:\Users\Joshi\.stmcufinder\plugins\mcufinder/ => C:\Users\Joshi\.stmcufinder\plugins\mcufinder
2023-10-12 19:02:32,658 [INFO] CrossReferenceDbSqlite:203 - Set database path to: C:\Users\Joshi\.stmcufinder\plugins\mcufinder//mcu/cs/
2023-10-12 19:02:32,779 [INFO] MainPanel:262 - HeapMemory: 268435456
2023-10-12 19:02:32,877 [INFO] DbMcusXml:78 - Set database path to: C:\ST\STM32CubeIDE_1.12.0\STM32CubeIDE\plugins\com.st.stm32cube.common.mx_6.9.2.202309101412\\db\/mcu/
2023-10-12 19:02:32,877 [INFO] ApiDb:274 - Set plugin database path to: C:\ST\STM32CubeIDE_1.12.0\STM32CubeIDE\plugins\com.st.stm32cube.common.mx_6.9.2.202309101412\\db\/plugins/boardmanager/
2023-10-12 19:02:32,877 [INFO] ApiDb:261 - Set plugin images path to: C:\ST\STM32CubeIDE_1.12.0\STM32CubeIDE\plugins\com.st.stm32cube.common.mx_6.9.2.202309101412\\db\/plugins/mcufinder/images/
2023-10-12 19:02:32,878 [WARN] DbFile:41 - Overriding database path with different value: C:\Users\Joshi\.stmcufinder\plugins\mcufinder/ => C:\Users\Joshi\.stmcufinder\plugins\mcufinder
2023-10-12 19:02:32,878 [INFO] ApiDb:250 - Set database path to: C:\Users\Joshi\.stmcufinder\plugins\mcufinder//mcu/
2023-10-12 19:02:32,878 [WARN] DbFile:41 - Overriding database path with different value: C:\Users\Joshi\.stmcufinder\plugins\mcufinder/ => C:\Users\Joshi\.stmcufinder\plugins\mcufinder
2023-10-12 19:02:32,878 [INFO] DbMcusAds:125 - Set database path to: C:\Users\Joshi\.stmcufinder\plugins\mcufinder//mcu/
2023-10-12 19:02:32,878 [WARN] DbFile:41 - Overriding database path with different value: C:\Users\Joshi\.stmcufinder\plugins\mcufinder/ => C:\Users\Joshi\.stmcufinder\plugins\mcufinder
2023-10-12 19:02:32,878 [WARN] DbFile:41 - Overriding database path with different value: C:\Users\Joshi\.stmcufinder\plugins\mcufinder/ => C:\Users\Joshi\.stmcufinder\plugins\mcufinder
2023-10-12 19:02:32,878 [INFO] CrossReferenceDbSqlite:203 - Set database path to: C:\Users\Joshi\.stmcufinder\plugins\mcufinder//mcu/cs/
2023-10-12 19:02:32,897 [INFO] ApplicationProperties:184 - Using Application install path: C:\ST\STM32CubeIDE_1.12.0\STM32CubeIDE\plugins\com.st.stm32cube.common.mx_6.9.2.202309101412
2023-10-12 19:02:32,898 [INFO] PluginManage:196 - Search for loadable plugins [exclusion list=, ]
2023-10-12 19:02:32,899 [INFO] PluginManage:310 - Check plugin analytics
2023-10-12 19:02:33,191 [INFO] AnalyticsPlugin:253 - Accepted Software Licenses: 
2023-10-12 19:02:33,191 [INFO] AnalyticsPlugin:255 - Accepted CMSIS Pack Licenses: 
2023-10-12 19:02:33,192 [INFO] AnalyticsPlugin:257 - Accepted Firmware Licenses: 
2023-10-12 19:02:33,195 [INFO] PluginManage:359 - Loaded plugin analytics (category:tool,tabindex:-1)
2023-10-12 19:02:33,195 [INFO] PluginManage:310 - Check plugin cadmodel
2023-10-12 19:02:33,213 [INFO] CADModel:105 - Init CAD model plugin
2023-10-12 19:02:33,213 [INFO] PluginManage:359 - Loaded plugin cadmodel (category:power,tabindex:5)
2023-10-12 19:02:33,213 [INFO] PluginManage:310 - Check plugin clock
2023-10-12 19:02:33,243 [INFO] PluginManage:359 - Loaded plugin clock (category:base,tabindex:2)
2023-10-12 19:02:33,243 [INFO] PluginManage:310 - Check plugin ddr
2023-10-12 19:02:33,248 [INFO] PluginManage:359 - Loaded plugin ddr (category:tool,tabindex:6)
2023-10-12 19:02:33,248 [INFO] PluginManage:310 - Check plugin filemanager
2023-10-12 19:02:33,469 [INFO] PluginManage:359 - Loaded plugin filemanager (category:base,tabindex:10)
2023-10-12 19:02:33,469 [INFO] PluginManage:310 - Check plugin ipmanager
2023-10-12 19:02:33,478 [INFO] PluginManage:359 - Loaded plugin ipmanager (category:base,tabindex:5)
2023-10-12 19:02:33,478 [INFO] PluginManage:310 - Check plugin lpbam
2023-10-12 19:02:33,498 [INFO] PluginManage:359 - Loaded plugin lpbam (category:base,tabindex:0)
2023-10-12 19:02:33,498 [INFO] PluginManage:310 - Check plugin memorymap
2023-10-12 19:02:33,532 [INFO] PluginManage:359 - Loaded plugin memorymap (category:base,tabindex:4)
2023-10-12 19:02:33,532 [INFO] PluginManage:310 - Check plugin pinoutandconfiguration
2023-10-12 19:02:33,576 [INFO] PluginManage:359 - Loaded plugin pinoutandconfiguration (category:base,tabindex:1)
2023-10-12 19:02:33,576 [INFO] PluginManage:310 - Check plugin pinoutconfig
2023-10-12 19:02:33,748 [WARN] SupportedApi:132 - Cannot load RTOS API schema: s4s-elt-must-match.1: The content of 'definitions' must match (annotation?, (simpleType | complexType)?, (unique | key | keyref)*)). A problem was found starting at: attribute.
2023-10-12 19:02:34,002 [INFO] PluginManage:359 - Loaded plugin pinoutconfig (category:base,tabindex:0)
2023-10-12 19:02:34,002 [INFO] PluginManage:310 - Check plugin power
2023-10-12 19:02:34,032 [INFO] PluginManage:359 - Loaded plugin power (category:power,tabindex:4)
2023-10-12 19:02:34,032 [INFO] PluginManage:310 - Check plugin projectmanager
2023-10-12 19:02:34,054 [INFO] PluginManage:359 - Loaded plugin projectmanager (category:projectmanager,tabindex:3)
2023-10-12 19:02:34,054 [INFO] PluginManage:310 - Check plugin thirdparty
2023-10-12 19:02:34,450 [INFO] PluginManage:359 - Loaded plugin thirdparty (category:base,tabindex:-1)
2023-10-12 19:02:34,449 [WARN] IntegrityCheckThread:84 - waiting for thirdparty lock release [integrity check]
2023-10-12 19:02:34,450 [INFO] PluginManage:310 - Check plugin tools
2023-10-12 19:02:34,450 [INFO] IntegrityCheckThread:86 - entering critical section [integrity check]
2023-10-12 19:02:34,451 [INFO] ThirdPartyUpdaterWithRetryManager:70 - Updater plugin not ready yet. [1/15]
2023-10-12 19:02:34,486 [INFO] PluginManage:359 - Loaded plugin tools (category:base,tabindex:7)
2023-10-12 19:02:34,486 [INFO] PluginManage:310 - Check plugin tutovideos
2023-10-12 19:02:34,812 [INFO] PluginManage:359 - Loaded plugin tutovideos (category:base,tabindex:-1)
2023-10-12 19:02:34,812 [INFO] PluginManage:310 - Check plugin updater
2023-10-12 19:02:34,830 [INFO] PluginManage:359 - Loaded plugin updater (category:base,tabindex:12)
2023-10-12 19:02:34,830 [INFO] PluginManage:310 - Check plugin userauth
2023-10-12 19:02:34,839 [INFO] UserAuth:113 - Init User Auth plugin
2023-10-12 19:02:34,839 [INFO] PluginManage:359 - Loaded plugin userauth (category:base,tabindex:14)
2023-10-12 19:02:34,840 [INFO] PluginManage:283 - PluginManage : Loaded plugins [17]
2023-10-12 19:02:35,057 [INFO] PinOutPanel:1499 - setPackage(No Configuration,No Configuration)
2023-10-12 19:02:35,151 [INFO] CADModel:165 - CPN selected for project level
2023-10-12 19:02:35,151 [INFO] CADModel:114 - Register for checkConnection events
2023-10-12 19:02:35,173 [INFO] IPUIPlugin:80 - create IPUIPlugin
2023-10-12 19:02:35,173 [INFO] PluginManager:220 - loadIPPluginJar : add adc
2023-10-12 19:02:35,200 [INFO] IPUIPlugin:80 - create IPUIPlugin
2023-10-12 19:02:35,200 [INFO] PluginManager:220 - loadIPPluginJar : add aes
2023-10-12 19:02:35,233 [INFO] IPUIPlugin:80 - create IPUIPlugin
2023-10-12 19:02:35,233 [INFO] PluginManager:220 - loadIPPluginJar : add can
2023-10-12 19:02:35,250 [INFO] IPUIPlugin:80 - create IPUIPlugin
2023-10-12 19:02:35,251 [INFO] PluginManager:220 - loadIPPluginJar : add comp
2023-10-12 19:02:35,276 [INFO] IPUIPlugin:80 - create IPUIPlugin
2023-10-12 19:02:35,276 [INFO] PluginManager:220 - loadIPPluginJar : add cryp
2023-10-12 19:02:35,299 [INFO] IPUIPlugin:80 - create IPUIPlugin
2023-10-12 19:02:35,299 [INFO] PluginManager:220 - loadIPPluginJar : add dfsdm
2023-10-12 19:02:35,311 [INFO] IPUIPlugin:80 - create IPUIPlugin
2023-10-12 19:02:35,312 [INFO] PluginManager:220 - loadIPPluginJar : add dma
2023-10-12 19:02:35,352 [INFO] IPUIPlugin:80 - create IPUIPlugin
2023-10-12 19:02:35,352 [INFO] PluginManager:220 - loadIPPluginJar : add dma3
2023-10-12 19:02:35,372 [INFO] IPUIPlugin:80 - create IPUIPlugin
2023-10-12 19:02:35,372 [INFO] PluginManager:220 - loadIPPluginJar : add fatfs
2023-10-12 19:02:35,414 [INFO] IPUIPlugin:80 - create IPUIPlugin
2023-10-12 19:02:35,414 [INFO] PluginManager:220 - loadIPPluginJar : add fmc
2023-10-12 19:02:35,426 [INFO] IPUIPlugin:80 - create IPUIPlugin
2023-10-12 19:02:35,426 [INFO] PluginManager:220 - loadIPPluginJar : add freertos
2023-10-12 19:02:35,443 [INFO] IPUIPlugin:80 - create IPUIPlugin
2023-10-12 19:02:35,443 [INFO] PluginManager:220 - loadIPPluginJar : add genericplugin
2023-10-12 19:02:35,517 [INFO] IPUIPlugin:80 - create IPUIPlugin
2023-10-12 19:02:35,517 [INFO] PluginManager:220 - loadIPPluginJar : add gfxmmu
2023-10-12 19:02:35,615 [INFO] IPUIPlugin:80 - create IPUIPlugin
2023-10-12 19:02:35,616 [INFO] PluginManager:220 - loadIPPluginJar : add gic
2023-10-12 19:02:35,625 [INFO] IPUIPlugin:80 - create IPUIPlugin
2023-10-12 19:02:35,625 [INFO] PluginManager:220 - loadIPPluginJar : add gpio
2023-10-12 19:02:35,689 [INFO] IPUIPlugin:80 - create IPUIPlugin
2023-10-12 19:02:35,689 [INFO] PluginManager:220 - loadIPPluginJar : add gtzc
2023-10-12 19:02:35,712 [INFO] IPUIPlugin:80 - create IPUIPlugin
2023-10-12 19:02:35,712 [INFO] PluginManager:220 - loadIPPluginJar : add hash
2023-10-12 19:02:35,748 [INFO] IPUIPlugin:80 - create IPUIPlugin
2023-10-12 19:02:35,748 [INFO] PluginManager:220 - loadIPPluginJar : add i2c
2023-10-12 19:02:35,776 [INFO] IPUIPlugin:80 - create IPUIPlugin
2023-10-12 19:02:35,776 [INFO] PluginManager:220 - loadIPPluginJar : add i2s
2023-10-12 19:02:35,806 [INFO] IPUIPlugin:80 - create IPUIPlugin
2023-10-12 19:02:35,806 [INFO] PluginManager:220 - loadIPPluginJar : add i3c
2023-10-12 19:02:35,884 [INFO] IPUIPlugin:80 - create IPUIPlugin
2023-10-12 19:02:35,884 [INFO] PluginManager:220 - loadIPPluginJar : add ipddr
2023-10-12 19:02:35,949 [INFO] IPUIPlugin:80 - create IPUIPlugin
2023-10-12 19:02:35,949 [INFO] PluginManager:220 - loadIPPluginJar : add linkedlist
2023-10-12 19:02:35,973 [INFO] IPUIPlugin:80 - create IPUIPlugin
2023-10-12 19:02:35,973 [INFO] PluginManager:220 - loadIPPluginJar : add lorawan
2023-10-12 19:02:35,999 [INFO] IPUIPlugin:80 - create IPUIPlugin
2023-10-12 19:02:35,999 [INFO] PluginManager:220 - loadIPPluginJar : add ltdc
2023-10-12 19:02:36,010 [INFO] IPUIPlugin:80 - create IPUIPlugin
2023-10-12 19:02:36,011 [INFO] PluginManager:220 - loadIPPluginJar : add mdma
2023-10-12 19:02:36,020 [INFO] IPUIPlugin:80 - create IPUIPlugin
2023-10-12 19:02:36,020 [INFO] PluginManager:220 - loadIPPluginJar : add nvic
2023-10-12 19:02:36,046 [INFO] IPUIPlugin:80 - create IPUIPlugin
2023-10-12 19:02:36,046 [INFO] PluginManager:220 - loadIPPluginJar : add opamp
2023-10-12 19:02:36,086 [INFO] IPUIPlugin:80 - create IPUIPlugin
2023-10-12 19:02:36,087 [INFO] PluginManager:220 - loadIPPluginJar : add openamp
2023-10-12 19:02:36,115 [INFO] IPUIPlugin:80 - create IPUIPlugin
2023-10-12 19:02:36,115 [INFO] PluginManager:220 - loadIPPluginJar : add pdm2pcm
2023-10-12 19:02:36,126 [INFO] IPUIPlugin:80 - create IPUIPlugin
2023-10-12 19:02:36,128 [INFO] PluginManager:220 - loadIPPluginJar : add plateformsettings
2023-10-12 19:02:36,144 [INFO] IPUIPlugin:80 - create IPUIPlugin
2023-10-12 19:02:36,144 [INFO] PluginManager:220 - loadIPPluginJar : add quadspi
2023-10-12 19:02:36,154 [INFO] IPUIPlugin:80 - create IPUIPlugin
2023-10-12 19:02:36,154 [INFO] PluginManager:220 - loadIPPluginJar : add resmgrutility
2023-10-12 19:02:36,188 [INFO] IPUIPlugin:80 - create IPUIPlugin
2023-10-12 19:02:36,188 [INFO] PluginManager:220 - loadIPPluginJar : add sai
2023-10-12 19:02:36,224 [INFO] IPUIPlugin:80 - create IPUIPlugin
2023-10-12 19:02:36,224 [INFO] PluginManager:220 - loadIPPluginJar : add spi
2023-10-12 19:02:36,264 [INFO] IPUIPlugin:80 - create IPUIPlugin
2023-10-12 19:02:36,264 [INFO] PluginManager:220 - loadIPPluginJar : add stm32_wpan
2023-10-12 19:02:36,281 [INFO] IPUIPlugin:80 - create IPUIPlugin
2023-10-12 19:02:36,281 [INFO] PluginManager:220 - loadIPPluginJar : add tim
2023-10-12 19:02:36,317 [INFO] IPUIPlugin:80 - create IPUIPlugin
2023-10-12 19:02:36,317 [INFO] PluginManager:220 - loadIPPluginJar : add touchsensing
2023-10-12 19:02:36,333 [INFO] IPUIPlugin:80 - create IPUIPlugin
2023-10-12 19:02:36,333 [INFO] PluginManager:220 - loadIPPluginJar : add tracer_emb
2023-10-12 19:02:36,349 [INFO] IPUIPlugin:80 - create IPUIPlugin
2023-10-12 19:02:36,349 [INFO] PluginManager:220 - loadIPPluginJar : add ts
2023-10-12 19:02:36,367 [INFO] IPUIPlugin:80 - create IPUIPlugin
2023-10-12 19:02:36,367 [INFO] PluginManager:220 - loadIPPluginJar : add tsc
2023-10-12 19:02:36,383 [INFO] IPUIPlugin:80 - create IPUIPlugin
2023-10-12 19:02:36,383 [INFO] PluginManager:220 - loadIPPluginJar : add ucpd
2023-10-12 19:02:36,413 [INFO] IPUIPlugin:80 - create IPUIPlugin
2023-10-12 19:02:36,413 [INFO] PluginManager:220 - loadIPPluginJar : add usart
2023-10-12 19:02:36,443 [INFO] IPUIPlugin:80 - create IPUIPlugin
2023-10-12 19:02:36,444 [INFO] PluginManager:220 - loadIPPluginJar : add usbx
2023-10-12 19:02:36,553 [INFO] CADModel:165 - CPN selected for project level
2023-10-12 19:02:36,554 [INFO] CADModel:114 - Register for checkConnection events
2023-10-12 19:02:36,554 [FATAL] Updater:308 - Updater called before beeing initialized
2023-10-12 19:02:36,554 [ERROR] CADModel:125 - Updater not yet initialized, retry later 
2023-10-12 19:02:36,666 [INFO] CADModel:165 - CPN selected for project level
2023-10-12 19:02:36,666 [INFO] CADModel:114 - Register for checkConnection events
2023-10-12 19:02:36,666 [FATAL] Updater:308 - Updater called before beeing initialized
2023-10-12 19:02:36,666 [ERROR] CADModel:125 - Updater not yet initialized, retry later 
2023-10-12 19:02:36,669 [FATAL] Updater:308 - Updater called before beeing initialized
2023-10-12 19:02:36,764 [FATAL] Updater:308 - Updater called before beeing initialized
2023-10-12 19:02:36,773 [INFO] DbMcusAds:53 - JSON generation date=Tue Mar 07 09:50:55 CET 2023 (1678179055114)
2023-10-12 19:02:36,773 [FATAL] Updater:308 - Updater called before beeing initialized
2023-10-12 19:02:36,837 [WARN] DetailPanel:346 - Failed to get advertising image, set to default
2023-10-12 19:02:36,939 [FATAL] Updater:308 - Updater called before beeing initialized
2023-10-12 19:02:36,941 [FATAL] Updater:308 - Updater called before beeing initialized
2023-10-12 19:02:36,942 [FATAL] Updater:308 - Updater called before beeing initialized
2023-10-12 19:02:36,942 [WARN] DetailPanel:346 - Failed to get advertising image, set to default
2023-10-12 19:02:36,943 [FATAL] Updater:308 - Updater called before beeing initialized
2023-10-12 19:02:36,985 [ERROR] Updater:1120 - MainUpdater not yet initialized. External WinMGr cannot be set.
2023-10-12 19:02:36,992 [INFO] Updater:1056 - Updater Version found : 6.9.2
2023-10-12 19:02:37,009 [INFO] ApplicationProperties:184 - Using Application install path: C:\ST\STM32CubeIDE_1.12.0\STM32CubeIDE\plugins\com.st.stm32cube.common.mx_6.9.2.202309101412
2023-10-12 19:02:37,193 [INFO] MainUpdater:2868 - connection check result : 10
2023-10-12 19:02:37,194 [INFO] MainUpdater:285 - Updater Check For Update Now.
2023-10-12 19:02:37,194 [INFO] MicroXplorer:498 - Change Database Version : DB.6.0.92
2023-10-12 19:02:37,209 [INFO] McuFinderGlobals:63 - Set McuFinder mode to 2 (CubeIDE integrated)
2023-10-12 19:02:37,386 [INFO] CheckServerUpdateThread:120 - End of CheckServer Thread
2023-10-12 19:02:37,586 [WARN] PackLoader:240 - Cannot read IP mode file for STMicroelectronics.X-CUBE-SMBUS.2.1.0
2023-10-12 19:02:37,625 [WARN] PackLoader:240 - Cannot read IP mode file for STMicroelectronics.X-CUBE-AZRTOS-F7.1.1.0
2023-10-12 19:02:37,640 [WARN] PackLoader:240 - Cannot read IP mode file for STMicroelectronics.FP-SNS-MOTENV1.4.3.2
2023-10-12 19:02:37,659 [WARN] PackLoader:240 - Cannot read IP mode file for STMicroelectronics.X-CUBE-BLE1.6.2.4
2023-10-12 19:02:37,669 [WARN] PackLoader:240 - Cannot read IP mode file for STMicroelectronics.FP-SNS-FLIGHT1.5.0.2
2023-10-12 19:02:37,682 [WARN] PackLoader:240 - Cannot read IP mode file for STMicroelectronics.X-CUBE-DISPLAY.3.0.0
2023-10-12 19:02:37,698 [WARN] PackLoader:240 - Cannot read IP mode file for STMicroelectronics.X-CUBE-BLE1.7.0.0
2023-10-12 19:02:37,712 [WARN] PackLoader:240 - Cannot read IP mode file for STMicroelectronics.X-CUBE-TOUCHGFX.4.22.1
2023-10-12 19:02:37,727 [WARN] PackLoader:240 - Cannot read IP mode file for STMicroelectronics.FP-SNS-SMARTAG2.1.2.0
2023-10-12 19:02:37,745 [INFO] LogOutputStream:77 - [STDOUT_REDIRECT] 1 : Invalid condition id : UX_CORESTACK_Condition cause : null
2023-10-12 19:02:37,746 [INFO] LogOutputStream:77 - [STDOUT_REDIRECT] 1 : Invalid condition id : UX_CORESTACK_Condition cause : null
2023-10-12 19:02:37,747 [INFO] LogOutputStream:77 - [STDOUT_REDIRECT] 1 : Invalid condition id : UX_CORESTACK_Condition cause : null
2023-10-12 19:02:37,748 [INFO] LogOutputStream:77 - [STDOUT_REDIRECT] 1 : Invalid condition id : UX_CORESTACK_Condition cause : null
2023-10-12 19:02:37,748 [INFO] LogOutputStream:77 - [STDOUT_REDIRECT] 1 : Invalid condition id : UX_CORESTACK_Condition cause : null
2023-10-12 19:02:37,751 [WARN] PackLoader:240 - Cannot read IP mode file for STMicroelectronics.X-CUBE-AZRTOS-WL.2.0.0
2023-10-12 19:02:37,765 [WARN] PackLoader:240 - Cannot read IP mode file for WES.I-CUBE-Cesium.1.3.0
2023-10-12 19:02:37,776 [WARN] PackLoader:240 - Cannot read IP mode file for STMicroelectronics.X-CUBE-BLE2.3.3.0
2023-10-12 19:02:37,795 [WARN] PackLoader:240 - Cannot read IP mode file for STMicroelectronics.X-CUBE-TOF1.3.2.0
2023-10-12 19:02:37,812 [WARN] PackLoader:240 - Cannot read IP mode file for emotas.I-CUBE-CANOPEN.1.2.0
2023-10-12 19:02:37,820 [WARN] PackLoader:240 - Cannot read IP mode file for STMicroelectronics.X-CUBE-TOUCHGFX.4.21.1
2023-10-12 19:02:37,833 [WARN] PackLoader:240 - Cannot read IP mode file for STMicroelectronics.X-CUBE-ALGOBUILD.1.3.0
2023-10-12 19:02:37,856 [WARN] PackLoader:240 - Cannot read IP mode file for STMicroelectronics.X-CUBE-AZRTOS-G0.1.1.0
2023-10-12 19:02:37,876 [WARN] PackLoader:240 - Cannot read IP mode file for STMicroelectronics.X-CUBE-NFC4.3.0.0
2023-10-12 19:02:37,887 [WARN] PackLoader:240 - Cannot read IP mode file for STMicroelectronics.FP-ATR-SIGFOX1.3.2.0
2023-10-12 19:02:37,927 [WARN] PackLoader:240 - Cannot read IP mode file for STMicroelectronics.X-CUBE-MEMS1.9.5.0
2023-10-12 19:02:38,078 [WARN] PackLoader:240 - Cannot read IP mode file for SEGGER.I-CUBE-embOS.1.3.1
2023-10-12 19:02:38,158 [WARN] PackLoader:240 - Cannot read IP mode file for STMicroelectronics.X-CUBE-GNSS1.6.0.0
2023-10-12 19:02:38,186 [WARN] PackLoader:240 - Cannot read IP mode file for STMicroelectronics.X-CUBE-AZRTOS-F4.1.1.0
2023-10-12 19:02:38,212 [WARN] PackLoader:240 - Cannot read IP mode file for STMicroelectronics.X-CUBE-AZRTOS-L5.2.0.0
2023-10-12 19:02:38,254 [WARN] PackLoader:240 - Cannot read IP mode file for STMicroelectronics.X-CUBE-MEMS1.9.6.0
2023-10-12 19:02:38,363 [WARN] PackLoader:240 - Cannot read IP mode file for ITTIA_DB.I-CUBE-ITTIADB.8.8.0
2023-10-12 19:02:38,381 [WARN] PackLoader:240 - Cannot read IP mode file for STMicroelectronics.X-CUBE-BLEMGR.2.0.0
2023-10-12 19:02:38,417 [WARN] ConditionMgr:438 - getConditionDescription Invalid condition id : UX DEVICE CLASS RTOS Condition cause : null
2023-10-12 19:02:38,418 [WARN] ConditionMgr:438 - getConditionDescription Invalid condition id : UX DEVICE CLASS RTOS Condition cause : null
2023-10-12 19:02:38,420 [WARN] PackLoader:240 - Cannot read IP mode file for STMicroelectronics.X-CUBE-AZRTOS-H7.3.1.0
2023-10-12 19:02:38,422 [WARN] ConditionMgr:1039 - genDependencies : Invalid condition id : UX DEVICE CLASS RTOS Condition cause : null
2023-10-12 19:02:38,422 [WARN] ConditionMgr:1039 - genDependencies : Invalid condition id : UX DEVICE CLASS RTOS Condition cause : null
2023-10-12 19:02:38,423 [WARN] ConditionMgr:1039 - genDependencies : Invalid condition id : UX DEVICE CLASS RTOS Condition cause : null
2023-10-12 19:02:38,423 [WARN] ConditionMgr:1039 - genDependencies : Invalid condition id : UX DEVICE CLASS RTOS Condition cause : null
2023-10-12 19:02:38,423 [WARN] ConditionMgr:1039 - genDependencies : Invalid condition id : UX DEVICE CLASS RTOS Condition cause : null
2023-10-12 19:02:38,442 [WARN] PackLoader:240 - Cannot read IP mode file for wolfSSL.I-CUBE-wolfSSL.5.5.4
2023-10-12 19:02:38,458 [WARN] PackLoader:240 - Cannot read IP mode file for STMicroelectronics.X-CUBE-NFC7.1.0.1
2023-10-12 19:02:38,470 [WARN] PackLoader:240 - Cannot read IP mode file for STMicroelectronics.X-CUBE-NFC7.1.0.0
2023-10-12 19:02:38,483 [WARN] PackLoader:240 - Cannot read IP mode file for STMicroelectronics.X-CUBE-NFC6.3.0.0
2023-10-12 19:02:38,494 [WARN] PackLoader:240 - Cannot read IP mode file for STMicroelectronics.X-CUBE-EEPRMA1.4.1.0
2023-10-12 19:02:38,506 [WARN] PackLoader:240 - Cannot read IP mode file for STMicroelectronics.X-CUBE-AI.8.1.0
2023-10-12 19:02:38,531 [WARN] ConditionMgr:438 - getConditionDescription Invalid condition id : LAN8742 Phy interface Condition cause : null
2023-10-12 19:02:38,532 [WARN] PackLoader:240 - Cannot read IP mode file for STMicroelectronics.X-CUBE-AZRTOS-L4.2.0.0
2023-10-12 19:02:38,533 [WARN] ConditionMgr:1039 - genDependencies : Invalid condition id : LAN8742 Phy interface Condition cause : null
2023-10-12 19:02:38,533 [WARN] ConditionMgr:1039 - genDependencies : Invalid condition id : LAN8742 Phy interface Condition cause : null
2023-10-12 19:02:38,533 [WARN] ConditionMgr:1039 - genDependencies : Invalid condition id : LAN8742 Phy interface Condition cause : null
2023-10-12 19:02:38,546 [WARN] PackLoader:240 - Cannot read IP mode file for STMicroelectronics.X-CUBE-SFXS2LP1.4.0.0
2023-10-12 19:02:38,574 [WARN] PackLoader:240 - Cannot read IP mode file for STMicroelectronics.X-CUBE-AZRTOS-H7.3.0.0
2023-10-12 19:02:38,588 [WARN] PackLoader:240 - Cannot read IP mode file for STMicroelectronics.X-CUBE-ISPU.1.1.0
2023-10-12 19:02:38,604 [WARN] PackLoader:240 - Cannot read IP mode file for RoweBots.I-CUBE-UNISONRTOS.5.5.0-4
2023-10-12 19:02:38,616 [WARN] PackLoader:240 - Cannot read IP mode file for STMicroelectronics.X-CUBE-AI.8.0.0
2023-10-12 19:02:38,641 [WARN] ConditionMgr:438 - getConditionDescription Invalid condition id : UX DEVICE CLASS RTOS Condition cause : null
2023-10-12 19:02:38,641 [WARN] ConditionMgr:438 - getConditionDescription Invalid condition id : UX DEVICE CLASS RTOS Condition cause : null
2023-10-12 19:02:38,644 [WARN] PackLoader:240 - Cannot read IP mode file for STMicroelectronics.X-CUBE-AZRTOS-WB.2.0.0
2023-10-12 19:02:38,644 [WARN] ConditionMgr:1039 - genDependencies : Invalid condition id : UX DEVICE CLASS RTOS Condition cause : null
2023-10-12 19:02:38,644 [WARN] ConditionMgr:1039 - genDependencies : Invalid condition id : UX DEVICE CLASS RTOS Condition cause : null
2023-10-12 19:02:38,645 [WARN] ConditionMgr:1039 - genDependencies : Invalid condition id : UX DEVICE CLASS RTOS Condition cause : null
2023-10-12 19:02:38,645 [WARN] ConditionMgr:1039 - genDependencies : Invalid condition id : UX DEVICE CLASS RTOS Condition cause : null
2023-10-12 19:02:38,645 [WARN] ConditionMgr:1039 - genDependencies : Invalid condition id : UX DEVICE CLASS RTOS Condition cause : null
2023-10-12 19:02:38,659 [WARN] PackLoader:240 - Cannot read IP mode file for STMicroelectronics.X-CUBE-FREERTOS.1.0.0
2023-10-12 19:02:38,680 [WARN] PackLoader:240 - Cannot read IP mode file for STMicroelectronics.X-CUBE-AZRTOS-L5.1.1.0
2023-10-12 19:02:38,695 [WARN] PackLoader:240 - Cannot read IP mode file for STMicroelectronics.X-CUBE-SUBG2.5.0.0
2023-10-12 19:02:38,715 [WARN] PackLoader:240 - Cannot read IP mode file for STMicroelectronics.X-CUBE-TOF1.3.3.1
2023-10-12 19:02:38,738 [WARN] PackLoader:240 - Cannot read IP mode file for STMicroelectronics.X-CUBE-AZRTOS-G4.2.0.0
2023-10-12 19:02:38,751 [WARN] PackLoader:240 - Cannot read IP mode file for STMicroelectronics.FP-ATR-ASTRA1.1.1.1
2023-10-12 19:02:38,771 [WARN] PackLoader:240 - Cannot read IP mode file for Infineon.AIROC-Wi-Fi-Bluetooth-STM32.1.5.1
2023-10-12 19:02:38,791 [WARN] PackLoader:240 - Cannot read IP mode file for STMicroelectronics.X-CUBE-AZRTOS-G4.1.0.0
2023-10-12 19:02:38,813 [WARN] PackLoader:240 - Cannot read IP mode file for STMicroelectronics.X-CUBE-AZRTOS-L4.1.0.0
2023-10-12 19:02:38,824 [WARN] PackLoader:240 - Cannot read IP mode file for STMicroelectronics.X-CUBE-FREERTOS.1.1.0
2023-10-12 19:02:38,837 [WARN] PackLoader:240 - Cannot read IP mode file for STMicroelectronics.X-CUBE-AZRTOS-WL.1.0.0
2023-10-12 19:02:38,849 [WARN] PackLoader:240 - Cannot read IP mode file for portGmbH.I-Cube-SoM-uGOAL.1.1.0
2023-10-12 19:02:38,859 [WARN] PackLoader:240 - Cannot read IP mode file for STMicroelectronics.X-CUBE-ALS.1.0.1
2023-10-12 19:02:38,874 [WARN] PackLoader:240 - Cannot read IP mode file for STMicroelectronics.X-CUBE-AZRTOS-WB.1.1.0
2023-10-12 19:02:38,882 [WARN] PackLoader:240 - Cannot read IP mode file for STMicroelectronics.FP-ATR-ASTRA1.2.0.0
2023-10-12 19:02:38,883 [INFO] ThirdParty:978 - Integrity check success = true
2023-10-12 19:02:38,883 [INFO] IntegrityCheckThread:100 - exiting critical section [integrity check]
2023-10-12 19:02:38,883 [INFO] IntegrityCheckThread:103 - End integrity checks thread
2023-10-12 19:02:57,854 [ERROR] LogOutputStream:75 - [STDERR_REDIRECT] SLF4J: Failed to load class "org.slf4j.impl.StaticLoggerBinder".
2023-10-12 19:02:57,855 [ERROR] LogOutputStream:75 - [STDERR_REDIRECT] SLF4J: Defaulting to no-operation (NOP) logger implementation
2023-10-12 19:02:57,856 [ERROR] LogOutputStream:75 - [STDERR_REDIRECT] SLF4J: See http://www.slf4j.org/codes.html#StaticLoggerBinder for further details.
2023-10-12 19:37:24,203 [INFO] Activator:176 - 


2023-10-12 19:37:24,204 [INFO] Activator:177 - !SESSION log4j initialized
2023-10-12 19:37:28,351 [INFO] LogOutputStream:77 - [STDOUT_REDIRECT] 
2023-10-12 19:37:29,400 [INFO] ApplicationProperties:184 - Using Application install path: C:\ST\STM32CubeIDE_1.12.0\STM32CubeIDE\plugins\com.st.stm32cube.common.mx_6.9.2.202309101412
2023-10-12 19:37:29,426 [INFO] DbMcusXml:78 - Set database path to: C:\ST\STM32CubeIDE_1.12.0\STM32CubeIDE\plugins\com.st.stm32cube.common.mx_6.9.2.202309101412\\db\/mcu/
2023-10-12 19:37:29,426 [INFO] ApiDb:274 - Set plugin database path to: C:\ST\STM32CubeIDE_1.12.0\STM32CubeIDE\plugins\com.st.stm32cube.common.mx_6.9.2.202309101412\\db\/plugins/boardmanager/
2023-10-12 19:37:29,427 [WARN] ApiDb:259 - Overriding images path with different value:  => C:\ST\STM32CubeIDE_1.12.0\STM32CubeIDE\plugins\com.st.stm32cube.common.mx_6.9.2.202309101412\\db\/plugins/mcufinder/images/
2023-10-12 19:37:29,438 [INFO] ApiDb:250 - Set database path to: C:\Users\Joshi\.stmcufinder\plugins\mcufinder//mcu/
2023-10-12 19:37:29,439 [INFO] DbMcusAds:125 - Set database path to: C:\Users\Joshi\.stmcufinder\plugins\mcufinder//mcu/
2023-10-12 19:37:29,441 [INFO] CrossReferenceDbSqlite:203 - Set database path to: C:\Users\Joshi\.stmcufinder\plugins\mcufinder//mcu/cs/
2023-10-12 19:37:29,520 [INFO] RulesReader:64 - Compatibility file has been processed (293 Rules)
2023-10-12 19:37:29,595 [INFO] DbMcusXml:78 - Set database path to: C:\ST\STM32CubeIDE_1.12.0\STM32CubeIDE\plugins\com.st.stm32cube.common.mx_6.9.2.202309101412\\db\/mcu/
2023-10-12 19:37:29,595 [INFO] ApiDb:274 - Set plugin database path to: C:\ST\STM32CubeIDE_1.12.0\STM32CubeIDE\plugins\com.st.stm32cube.common.mx_6.9.2.202309101412\\db\/plugins/boardmanager/
2023-10-12 19:37:29,595 [INFO] ApiDb:261 - Set plugin images path to: C:\ST\STM32CubeIDE_1.12.0\STM32CubeIDE\plugins\com.st.stm32cube.common.mx_6.9.2.202309101412\\db\/plugins/mcufinder/images/
2023-10-12 19:37:29,595 [WARN] DbFile:41 - Overriding database path with different value: C:\Users\Joshi\.stmcufinder\plugins\mcufinder/ => C:\Users\Joshi\.stmcufinder\plugins\mcufinder
2023-10-12 19:37:29,595 [INFO] ApiDb:250 - Set database path to: C:\Users\Joshi\.stmcufinder\plugins\mcufinder//mcu/
2023-10-12 19:37:29,596 [WARN] DbFile:41 - Overriding database path with different value: C:\Users\Joshi\.stmcufinder\plugins\mcufinder/ => C:\Users\Joshi\.stmcufinder\plugins\mcufinder
2023-10-12 19:37:29,596 [INFO] DbMcusAds:125 - Set database path to: C:\Users\Joshi\.stmcufinder\plugins\mcufinder//mcu/
2023-10-12 19:37:29,596 [WARN] DbFile:41 - Overriding database path with different value: C:\Users\Joshi\.stmcufinder\plugins\mcufinder/ => C:\Users\Joshi\.stmcufinder\plugins\mcufinder
2023-10-12 19:37:29,596 [WARN] DbFile:41 - Overriding database path with different value: C:\Users\Joshi\.stmcufinder\plugins\mcufinder/ => C:\Users\Joshi\.stmcufinder\plugins\mcufinder
2023-10-12 19:37:29,596 [INFO] CrossReferenceDbSqlite:203 - Set database path to: C:\Users\Joshi\.stmcufinder\plugins\mcufinder//mcu/cs/
2023-10-12 19:37:29,651 [INFO] MainPanel:262 - HeapMemory: 268435456
2023-10-12 19:37:29,717 [INFO] DbMcusXml:78 - Set database path to: C:\ST\STM32CubeIDE_1.12.0\STM32CubeIDE\plugins\com.st.stm32cube.common.mx_6.9.2.202309101412\\db\/mcu/
2023-10-12 19:37:29,717 [INFO] ApiDb:274 - Set plugin database path to: C:\ST\STM32CubeIDE_1.12.0\STM32CubeIDE\plugins\com.st.stm32cube.common.mx_6.9.2.202309101412\\db\/plugins/boardmanager/
2023-10-12 19:37:29,717 [INFO] ApiDb:261 - Set plugin images path to: C:\ST\STM32CubeIDE_1.12.0\STM32CubeIDE\plugins\com.st.stm32cube.common.mx_6.9.2.202309101412\\db\/plugins/mcufinder/images/
2023-10-12 19:37:29,717 [WARN] DbFile:41 - Overriding database path with different value: C:\Users\Joshi\.stmcufinder\plugins\mcufinder/ => C:\Users\Joshi\.stmcufinder\plugins\mcufinder
2023-10-12 19:37:29,717 [INFO] ApiDb:250 - Set database path to: C:\Users\Joshi\.stmcufinder\plugins\mcufinder//mcu/
2023-10-12 19:37:29,717 [WARN] DbFile:41 - Overriding database path with different value: C:\Users\Joshi\.stmcufinder\plugins\mcufinder/ => C:\Users\Joshi\.stmcufinder\plugins\mcufinder
2023-10-12 19:37:29,717 [INFO] DbMcusAds:125 - Set database path to: C:\Users\Joshi\.stmcufinder\plugins\mcufinder//mcu/
2023-10-12 19:37:29,717 [WARN] DbFile:41 - Overriding database path with different value: C:\Users\Joshi\.stmcufinder\plugins\mcufinder/ => C:\Users\Joshi\.stmcufinder\plugins\mcufinder
2023-10-12 19:37:29,717 [WARN] DbFile:41 - Overriding database path with different value: C:\Users\Joshi\.stmcufinder\plugins\mcufinder/ => C:\Users\Joshi\.stmcufinder\plugins\mcufinder
2023-10-12 19:37:29,718 [INFO] CrossReferenceDbSqlite:203 - Set database path to: C:\Users\Joshi\.stmcufinder\plugins\mcufinder//mcu/cs/
2023-10-12 19:37:29,730 [INFO] ApplicationProperties:184 - Using Application install path: C:\ST\STM32CubeIDE_1.12.0\STM32CubeIDE\plugins\com.st.stm32cube.common.mx_6.9.2.202309101412
2023-10-12 19:37:29,731 [INFO] PluginManage:196 - Search for loadable plugins [exclusion list=, ]
2023-10-12 19:37:29,732 [INFO] PluginManage:310 - Check plugin analytics
2023-10-12 19:37:29,860 [INFO] AnalyticsPlugin:253 - Accepted Software Licenses: 
2023-10-12 19:37:29,860 [INFO] AnalyticsPlugin:255 - Accepted CMSIS Pack Licenses: 
2023-10-12 19:37:29,860 [INFO] AnalyticsPlugin:257 - Accepted Firmware Licenses: 
2023-10-12 19:37:29,863 [INFO] PluginManage:359 - Loaded plugin analytics (category:tool,tabindex:-1)
2023-10-12 19:37:29,863 [INFO] PluginManage:310 - Check plugin cadmodel
2023-10-12 19:37:29,868 [INFO] CADModel:105 - Init CAD model plugin
2023-10-12 19:37:29,868 [INFO] PluginManage:359 - Loaded plugin cadmodel (category:power,tabindex:5)
2023-10-12 19:37:29,868 [INFO] PluginManage:310 - Check plugin clock
2023-10-12 19:37:29,875 [INFO] PluginManage:359 - Loaded plugin clock (category:base,tabindex:2)
2023-10-12 19:37:29,875 [INFO] PluginManage:310 - Check plugin ddr
2023-10-12 19:37:29,877 [INFO] PluginManage:359 - Loaded plugin ddr (category:tool,tabindex:6)
2023-10-12 19:37:29,877 [INFO] PluginManage:310 - Check plugin filemanager
2023-10-12 19:37:29,968 [INFO] PluginManage:359 - Loaded plugin filemanager (category:base,tabindex:10)
2023-10-12 19:37:29,968 [INFO] PluginManage:310 - Check plugin ipmanager
2023-10-12 19:37:29,973 [INFO] PluginManage:359 - Loaded plugin ipmanager (category:base,tabindex:5)
2023-10-12 19:37:29,973 [INFO] PluginManage:310 - Check plugin lpbam
2023-10-12 19:37:29,980 [INFO] PluginManage:359 - Loaded plugin lpbam (category:base,tabindex:0)
2023-10-12 19:37:29,980 [INFO] PluginManage:310 - Check plugin memorymap
2023-10-12 19:37:29,988 [INFO] PluginManage:359 - Loaded plugin memorymap (category:base,tabindex:4)
2023-10-12 19:37:29,988 [INFO] PluginManage:310 - Check plugin pinoutandconfiguration
2023-10-12 19:37:29,994 [INFO] PluginManage:359 - Loaded plugin pinoutandconfiguration (category:base,tabindex:1)
2023-10-12 19:37:29,994 [INFO] PluginManage:310 - Check plugin pinoutconfig
2023-10-12 19:37:30,061 [WARN] SupportedApi:132 - Cannot load RTOS API schema: s4s-elt-must-match.1: The content of 'definitions' must match (annotation?, (simpleType | complexType)?, (unique | key | keyref)*)). A problem was found starting at: attribute.
2023-10-12 19:37:30,213 [INFO] PluginManage:359 - Loaded plugin pinoutconfig (category:base,tabindex:0)
2023-10-12 19:37:30,213 [INFO] PluginManage:310 - Check plugin power
2023-10-12 19:37:30,221 [INFO] PluginManage:359 - Loaded plugin power (category:power,tabindex:4)
2023-10-12 19:37:30,221 [INFO] PluginManage:310 - Check plugin projectmanager
2023-10-12 19:37:30,232 [INFO] PluginManage:359 - Loaded plugin projectmanager (category:projectmanager,tabindex:3)
2023-10-12 19:37:30,233 [INFO] PluginManage:310 - Check plugin thirdparty
2023-10-12 19:37:30,340 [WARN] IntegrityCheckThread:84 - waiting for thirdparty lock release [integrity check]
2023-10-12 19:37:30,340 [INFO] IntegrityCheckThread:86 - entering critical section [integrity check]
2023-10-12 19:37:30,340 [INFO] PluginManage:359 - Loaded plugin thirdparty (category:base,tabindex:-1)
2023-10-12 19:37:30,341 [INFO] PluginManage:310 - Check plugin tools
2023-10-12 19:37:30,341 [INFO] ThirdPartyUpdaterWithRetryManager:70 - Updater plugin not ready yet. [1/15]
2023-10-12 19:37:30,345 [INFO] PluginManage:359 - Loaded plugin tools (category:base,tabindex:7)
2023-10-12 19:37:30,345 [INFO] PluginManage:310 - Check plugin tutovideos
2023-10-12 19:37:30,470 [INFO] PluginManage:359 - Loaded plugin tutovideos (category:base,tabindex:-1)
2023-10-12 19:37:30,471 [INFO] PluginManage:310 - Check plugin updater
2023-10-12 19:37:30,477 [INFO] PluginManage:359 - Loaded plugin updater (category:base,tabindex:12)
2023-10-12 19:37:30,477 [INFO] PluginManage:310 - Check plugin userauth
2023-10-12 19:37:30,481 [INFO] UserAuth:113 - Init User Auth plugin
2023-10-12 19:37:30,481 [INFO] PluginManage:359 - Loaded plugin userauth (category:base,tabindex:14)
2023-10-12 19:37:30,481 [INFO] PluginManage:283 - PluginManage : Loaded plugins [17]
2023-10-12 19:37:30,641 [INFO] PinOutPanel:1499 - setPackage(No Configuration,No Configuration)
2023-10-12 19:37:30,721 [INFO] CADModel:165 - CPN selected for project level
2023-10-12 19:37:30,721 [INFO] CADModel:114 - Register for checkConnection events
2023-10-12 19:37:30,733 [INFO] IPUIPlugin:80 - create IPUIPlugin
2023-10-12 19:37:30,733 [INFO] PluginManager:220 - loadIPPluginJar : add adc
2023-10-12 19:37:30,735 [INFO] IPUIPlugin:80 - create IPUIPlugin
2023-10-12 19:37:30,736 [INFO] PluginManager:220 - loadIPPluginJar : add aes
2023-10-12 19:37:30,738 [INFO] IPUIPlugin:80 - create IPUIPlugin
2023-10-12 19:37:30,738 [INFO] PluginManager:220 - loadIPPluginJar : add can
2023-10-12 19:37:30,739 [INFO] IPUIPlugin:80 - create IPUIPlugin
2023-10-12 19:37:30,739 [INFO] PluginManager:220 - loadIPPluginJar : add comp
2023-10-12 19:37:30,741 [INFO] IPUIPlugin:80 - create IPUIPlugin
2023-10-12 19:37:30,741 [INFO] PluginManager:220 - loadIPPluginJar : add cryp
2023-10-12 19:37:30,743 [INFO] IPUIPlugin:80 - create IPUIPlugin
2023-10-12 19:37:30,743 [INFO] PluginManager:220 - loadIPPluginJar : add dfsdm
2023-10-12 19:37:30,747 [INFO] IPUIPlugin:80 - create IPUIPlugin
2023-10-12 19:37:30,747 [INFO] PluginManager:220 - loadIPPluginJar : add dma
2023-10-12 19:37:30,748 [INFO] IPUIPlugin:80 - create IPUIPlugin
2023-10-12 19:37:30,748 [INFO] PluginManager:220 - loadIPPluginJar : add dma3
2023-10-12 19:37:30,749 [INFO] IPUIPlugin:80 - create IPUIPlugin
2023-10-12 19:37:30,749 [INFO] PluginManager:220 - loadIPPluginJar : add fatfs
2023-10-12 19:37:30,753 [INFO] IPUIPlugin:80 - create IPUIPlugin
2023-10-12 19:37:30,753 [INFO] PluginManager:220 - loadIPPluginJar : add fmc
2023-10-12 19:37:30,757 [INFO] IPUIPlugin:80 - create IPUIPlugin
2023-10-12 19:37:30,757 [INFO] PluginManager:220 - loadIPPluginJar : add freertos
2023-10-12 19:37:30,758 [INFO] IPUIPlugin:80 - create IPUIPlugin
2023-10-12 19:37:30,758 [INFO] PluginManager:220 - loadIPPluginJar : add genericplugin
2023-10-12 19:37:30,760 [INFO] IPUIPlugin:80 - create IPUIPlugin
2023-10-12 19:37:30,760 [INFO] PluginManager:220 - loadIPPluginJar : add gfxmmu
2023-10-12 19:37:30,763 [INFO] IPUIPlugin:80 - create IPUIPlugin
2023-10-12 19:37:30,763 [INFO] PluginManager:220 - loadIPPluginJar : add gic
2023-10-12 19:37:30,766 [INFO] IPUIPlugin:80 - create IPUIPlugin
2023-10-12 19:37:30,766 [INFO] PluginManager:220 - loadIPPluginJar : add gpio
2023-10-12 19:37:30,777 [INFO] IPUIPlugin:80 - create IPUIPlugin
2023-10-12 19:37:30,777 [INFO] PluginManager:220 - loadIPPluginJar : add gtzc
2023-10-12 19:37:30,779 [INFO] IPUIPlugin:80 - create IPUIPlugin
2023-10-12 19:37:30,779 [INFO] PluginManager:220 - loadIPPluginJar : add hash
2023-10-12 19:37:30,781 [INFO] IPUIPlugin:80 - create IPUIPlugin
2023-10-12 19:37:30,781 [INFO] PluginManager:220 - loadIPPluginJar : add i2c
2023-10-12 19:37:30,783 [INFO] IPUIPlugin:80 - create IPUIPlugin
2023-10-12 19:37:30,783 [INFO] PluginManager:220 - loadIPPluginJar : add i2s
2023-10-12 19:37:30,785 [INFO] IPUIPlugin:80 - create IPUIPlugin
2023-10-12 19:37:30,785 [INFO] PluginManager:220 - loadIPPluginJar : add i3c
2023-10-12 19:37:30,787 [INFO] IPUIPlugin:80 - create IPUIPlugin
2023-10-12 19:37:30,787 [INFO] PluginManager:220 - loadIPPluginJar : add ipddr
2023-10-12 19:37:30,799 [INFO] IPUIPlugin:80 - create IPUIPlugin
2023-10-12 19:37:30,799 [INFO] PluginManager:220 - loadIPPluginJar : add linkedlist
2023-10-12 19:37:30,801 [INFO] IPUIPlugin:80 - create IPUIPlugin
2023-10-12 19:37:30,801 [INFO] PluginManager:220 - loadIPPluginJar : add lorawan
2023-10-12 19:37:30,803 [INFO] IPUIPlugin:80 - create IPUIPlugin
2023-10-12 19:37:30,803 [INFO] PluginManager:220 - loadIPPluginJar : add ltdc
2023-10-12 19:37:30,808 [INFO] IPUIPlugin:80 - create IPUIPlugin
2023-10-12 19:37:30,808 [INFO] PluginManager:220 - loadIPPluginJar : add mdma
2023-10-12 19:37:30,811 [INFO] IPUIPlugin:80 - create IPUIPlugin
2023-10-12 19:37:30,811 [INFO] PluginManager:220 - loadIPPluginJar : add nvic
2023-10-12 19:37:30,813 [INFO] IPUIPlugin:80 - create IPUIPlugin
2023-10-12 19:37:30,813 [INFO] PluginManager:220 - loadIPPluginJar : add opamp
2023-10-12 19:37:30,815 [INFO] IPUIPlugin:80 - create IPUIPlugin
2023-10-12 19:37:30,815 [INFO] PluginManager:220 - loadIPPluginJar : add openamp
2023-10-12 19:37:30,817 [INFO] IPUIPlugin:80 - create IPUIPlugin
2023-10-12 19:37:30,817 [INFO] PluginManager:220 - loadIPPluginJar : add pdm2pcm
2023-10-12 19:37:30,821 [INFO] IPUIPlugin:80 - create IPUIPlugin
2023-10-12 19:37:30,823 [INFO] PluginManager:220 - loadIPPluginJar : add plateformsettings
2023-10-12 19:37:30,824 [INFO] IPUIPlugin:80 - create IPUIPlugin
2023-10-12 19:37:30,824 [INFO] PluginManager:220 - loadIPPluginJar : add quadspi
2023-10-12 19:37:30,827 [INFO] IPUIPlugin:80 - create IPUIPlugin
2023-10-12 19:37:30,827 [INFO] PluginManager:220 - loadIPPluginJar : add resmgrutility
2023-10-12 19:37:30,829 [INFO] IPUIPlugin:80 - create IPUIPlugin
2023-10-12 19:37:30,829 [INFO] PluginManager:220 - loadIPPluginJar : add sai
2023-10-12 19:37:30,831 [INFO] IPUIPlugin:80 - create IPUIPlugin
2023-10-12 19:37:30,831 [INFO] PluginManager:220 - loadIPPluginJar : add spi
2023-10-12 19:37:30,834 [INFO] IPUIPlugin:80 - create IPUIPlugin
2023-10-12 19:37:30,834 [INFO] PluginManager:220 - loadIPPluginJar : add stm32_wpan
2023-10-12 19:37:30,835 [INFO] IPUIPlugin:80 - create IPUIPlugin
2023-10-12 19:37:30,835 [INFO] PluginManager:220 - loadIPPluginJar : add tim
2023-10-12 19:37:30,837 [INFO] IPUIPlugin:80 - create IPUIPlugin
2023-10-12 19:37:30,837 [INFO] PluginManager:220 - loadIPPluginJar : add touchsensing
2023-10-12 19:37:30,839 [INFO] IPUIPlugin:80 - create IPUIPlugin
2023-10-12 19:37:30,839 [INFO] PluginManager:220 - loadIPPluginJar : add tracer_emb
2023-10-12 19:37:30,840 [INFO] IPUIPlugin:80 - create IPUIPlugin
2023-10-12 19:37:30,840 [INFO] PluginManager:220 - loadIPPluginJar : add ts
2023-10-12 19:37:30,841 [INFO] IPUIPlugin:80 - create IPUIPlugin
2023-10-12 19:37:30,841 [INFO] PluginManager:220 - loadIPPluginJar : add tsc
2023-10-12 19:37:30,842 [INFO] IPUIPlugin:80 - create IPUIPlugin
2023-10-12 19:37:30,842 [INFO] PluginManager:220 - loadIPPluginJar : add ucpd
2023-10-12 19:37:30,844 [INFO] IPUIPlugin:80 - create IPUIPlugin
2023-10-12 19:37:30,844 [INFO] PluginManager:220 - loadIPPluginJar : add usart
2023-10-12 19:37:30,846 [INFO] IPUIPlugin:80 - create IPUIPlugin
2023-10-12 19:37:30,846 [INFO] PluginManager:220 - loadIPPluginJar : add usbx
2023-10-12 19:37:30,958 [INFO] CADModel:165 - CPN selected for project level
2023-10-12 19:37:30,958 [INFO] CADModel:114 - Register for checkConnection events
2023-10-12 19:37:30,958 [FATAL] Updater:308 - Updater called before beeing initialized
2023-10-12 19:37:30,959 [ERROR] CADModel:125 - Updater not yet initialized, retry later 
2023-10-12 19:37:31,060 [INFO] CADModel:165 - CPN selected for project level
2023-10-12 19:37:31,061 [INFO] CADModel:114 - Register for checkConnection events
2023-10-12 19:37:31,061 [FATAL] Updater:308 - Updater called before beeing initialized
2023-10-12 19:37:31,061 [ERROR] CADModel:125 - Updater not yet initialized, retry later 
2023-10-12 19:37:31,064 [FATAL] Updater:308 - Updater called before beeing initialized
2023-10-12 19:37:31,136 [FATAL] Updater:308 - Updater called before beeing initialized
2023-10-12 19:37:31,140 [INFO] DbMcusAds:53 - JSON generation date=Tue Mar 07 09:50:55 CET 2023 (1678179055114)
2023-10-12 19:37:31,140 [FATAL] Updater:308 - Updater called before beeing initialized
2023-10-12 19:37:31,167 [WARN] DetailPanel:346 - Failed to get advertising image, set to default
2023-10-12 19:37:31,245 [FATAL] Updater:308 - Updater called before beeing initialized
2023-10-12 19:37:31,246 [FATAL] Updater:308 - Updater called before beeing initialized
2023-10-12 19:37:31,246 [FATAL] Updater:308 - Updater called before beeing initialized
2023-10-12 19:37:31,246 [WARN] DetailPanel:346 - Failed to get advertising image, set to default
2023-10-12 19:37:31,246 [FATAL] Updater:308 - Updater called before beeing initialized
2023-10-12 19:37:31,276 [ERROR] Updater:1120 - MainUpdater not yet initialized. External WinMGr cannot be set.
2023-10-12 19:37:31,278 [INFO] Updater:1056 - Updater Version found : 6.9.2
2023-10-12 19:37:31,290 [INFO] ApplicationProperties:184 - Using Application install path: C:\ST\STM32CubeIDE_1.12.0\STM32CubeIDE\plugins\com.st.stm32cube.common.mx_6.9.2.202309101412
2023-10-12 19:37:31,489 [INFO] MainUpdater:2868 - connection check result : 10
2023-10-12 19:37:31,490 [INFO] MainUpdater:285 - Updater Check For Update Now.
2023-10-12 19:37:31,490 [INFO] MicroXplorer:498 - Change Database Version : DB.6.0.92
2023-10-12 19:37:31,494 [INFO] McuFinderGlobals:63 - Set McuFinder mode to 2 (CubeIDE integrated)
2023-10-12 19:37:31,648 [INFO] CheckServerUpdateThread:120 - End of CheckServer Thread
2023-10-12 19:37:33,456 [WARN] PackLoader:240 - Cannot read IP mode file for STMicroelectronics.X-CUBE-SMBUS.2.1.0
2023-10-12 19:37:33,479 [WARN] PackLoader:240 - Cannot read IP mode file for STMicroelectronics.X-CUBE-AZRTOS-F7.1.1.0
2023-10-12 19:37:33,488 [WARN] PackLoader:240 - Cannot read IP mode file for STMicroelectronics.FP-SNS-MOTENV1.4.3.2
2023-10-12 19:37:33,497 [WARN] PackLoader:240 - Cannot read IP mode file for STMicroelectronics.X-CUBE-BLE1.6.2.4
2023-10-12 19:37:33,501 [WARN] PackLoader:240 - Cannot read IP mode file for STMicroelectronics.FP-SNS-FLIGHT1.5.0.2
2023-10-12 19:37:33,513 [WARN] PackLoader:240 - Cannot read IP mode file for STMicroelectronics.X-CUBE-DISPLAY.3.0.0
2023-10-12 19:37:33,520 [WARN] PackLoader:240 - Cannot read IP mode file for STMicroelectronics.X-CUBE-BLE1.7.0.0
2023-10-12 19:37:33,525 [WARN] PackLoader:240 - Cannot read IP mode file for STMicroelectronics.X-CUBE-TOUCHGFX.4.22.1
2023-10-12 19:37:33,528 [WARN] PackLoader:240 - Cannot read IP mode file for STMicroelectronics.FP-SNS-SMARTAG2.1.2.0
2023-10-12 19:37:33,537 [INFO] LogOutputStream:77 - [STDOUT_REDIRECT] 1 : Invalid condition id : UX_CORESTACK_Condition cause : null
2023-10-12 19:37:33,538 [INFO] LogOutputStream:77 - [STDOUT_REDIRECT] 1 : Invalid condition id : UX_CORESTACK_Condition cause : null
2023-10-12 19:37:33,539 [INFO] LogOutputStream:77 - [STDOUT_REDIRECT] 1 : Invalid condition id : UX_CORESTACK_Condition cause : null
2023-10-12 19:37:33,540 [INFO] LogOutputStream:77 - [STDOUT_REDIRECT] 1 : Invalid condition id : UX_CORESTACK_Condition cause : null
2023-10-12 19:37:33,541 [INFO] LogOutputStream:77 - [STDOUT_REDIRECT] 1 : Invalid condition id : UX_CORESTACK_Condition cause : null
2023-10-12 19:37:33,544 [WARN] PackLoader:240 - Cannot read IP mode file for STMicroelectronics.X-CUBE-AZRTOS-WL.2.0.0
2023-10-12 19:37:33,553 [WARN] PackLoader:240 - Cannot read IP mode file for WES.I-CUBE-Cesium.1.3.0
2023-10-12 19:37:33,557 [WARN] PackLoader:240 - Cannot read IP mode file for STMicroelectronics.X-CUBE-BLE2.3.3.0
2023-10-12 19:37:33,565 [WARN] PackLoader:240 - Cannot read IP mode file for STMicroelectronics.X-CUBE-TOF1.3.2.0
2023-10-12 19:37:33,577 [WARN] PackLoader:240 - Cannot read IP mode file for emotas.I-CUBE-CANOPEN.1.2.0
2023-10-12 19:37:33,579 [WARN] PackLoader:240 - Cannot read IP mode file for STMicroelectronics.X-CUBE-TOUCHGFX.4.21.1
2023-10-12 19:37:33,584 [WARN] PackLoader:240 - Cannot read IP mode file for STMicroelectronics.X-CUBE-ALGOBUILD.1.3.0
2023-10-12 19:37:33,599 [WARN] PackLoader:240 - Cannot read IP mode file for STMicroelectronics.X-CUBE-AZRTOS-G0.1.1.0
2023-10-12 19:37:33,606 [WARN] PackLoader:240 - Cannot read IP mode file for STMicroelectronics.X-CUBE-NFC4.3.0.0
2023-10-12 19:37:33,611 [WARN] PackLoader:240 - Cannot read IP mode file for STMicroelectronics.FP-ATR-SIGFOX1.3.2.0
2023-10-12 19:37:33,643 [WARN] PackLoader:240 - Cannot read IP mode file for STMicroelectronics.X-CUBE-MEMS1.9.5.0
2023-10-12 19:37:33,773 [WARN] PackLoader:240 - Cannot read IP mode file for SEGGER.I-CUBE-embOS.1.3.1
2023-10-12 19:37:33,803 [WARN] PackLoader:240 - Cannot read IP mode file for STMicroelectronics.X-CUBE-GNSS1.6.0.0
2023-10-12 19:37:33,813 [WARN] PackLoader:240 - Cannot read IP mode file for STMicroelectronics.X-CUBE-AZRTOS-F4.1.1.0
2023-10-12 19:37:33,830 [WARN] PackLoader:240 - Cannot read IP mode file for STMicroelectronics.X-CUBE-AZRTOS-L5.2.0.0
2023-10-12 19:37:33,866 [WARN] PackLoader:240 - Cannot read IP mode file for STMicroelectronics.X-CUBE-MEMS1.9.6.0
2023-10-12 19:37:34,002 [WARN] PackLoader:240 - Cannot read IP mode file for ITTIA_DB.I-CUBE-ITTIADB.8.8.0
2023-10-12 19:37:34,007 [WARN] PackLoader:240 - Cannot read IP mode file for STMicroelectronics.X-CUBE-BLEMGR.2.0.0
2023-10-12 19:37:34,018 [WARN] ConditionMgr:438 - getConditionDescription Invalid condition id : UX DEVICE CLASS RTOS Condition cause : null
2023-10-12 19:37:34,018 [WARN] ConditionMgr:438 - getConditionDescription Invalid condition id : UX DEVICE CLASS RTOS Condition cause : null
2023-10-12 19:37:34,022 [WARN] PackLoader:240 - Cannot read IP mode file for STMicroelectronics.X-CUBE-AZRTOS-H7.3.1.0
2023-10-12 19:37:34,023 [WARN] ConditionMgr:1039 - genDependencies : Invalid condition id : UX DEVICE CLASS RTOS Condition cause : null
2023-10-12 19:37:34,023 [WARN] ConditionMgr:1039 - genDependencies : Invalid condition id : UX DEVICE CLASS RTOS Condition cause : null
2023-10-12 19:37:34,023 [WARN] ConditionMgr:1039 - genDependencies : Invalid condition id : UX DEVICE CLASS RTOS Condition cause : null
2023-10-12 19:37:34,023 [WARN] ConditionMgr:1039 - genDependencies : Invalid condition id : UX DEVICE CLASS RTOS Condition cause : null
2023-10-12 19:37:34,023 [WARN] ConditionMgr:1039 - genDependencies : Invalid condition id : UX DEVICE CLASS RTOS Condition cause : null
2023-10-12 19:37:34,028 [WARN] PackLoader:240 - Cannot read IP mode file for wolfSSL.I-CUBE-wolfSSL.5.5.4
2023-10-12 19:37:34,032 [WARN] PackLoader:240 - Cannot read IP mode file for STMicroelectronics.X-CUBE-NFC7.1.0.1
2023-10-12 19:37:34,035 [WARN] PackLoader:240 - Cannot read IP mode file for STMicroelectronics.X-CUBE-NFC7.1.0.0
2023-10-12 19:37:34,042 [WARN] PackLoader:240 - Cannot read IP mode file for STMicroelectronics.X-CUBE-NFC6.3.0.0
2023-10-12 19:37:34,047 [WARN] PackLoader:240 - Cannot read IP mode file for STMicroelectronics.X-CUBE-EEPRMA1.4.1.0
2023-10-12 19:37:34,051 [WARN] PackLoader:240 - Cannot read IP mode file for STMicroelectronics.X-CUBE-AI.8.1.0
2023-10-12 19:37:34,062 [WARN] ConditionMgr:438 - getConditionDescription Invalid condition id : LAN8742 Phy interface Condition cause : null
2023-10-12 19:37:34,062 [WARN] PackLoader:240 - Cannot read IP mode file for STMicroelectronics.X-CUBE-AZRTOS-L4.2.0.0
2023-10-12 19:37:34,063 [WARN] ConditionMgr:1039 - genDependencies : Invalid condition id : LAN8742 Phy interface Condition cause : null
2023-10-12 19:37:34,063 [WARN] ConditionMgr:1039 - genDependencies : Invalid condition id : LAN8742 Phy interface Condition cause : null
2023-10-12 19:37:34,064 [WARN] ConditionMgr:1039 - genDependencies : Invalid condition id : LAN8742 Phy interface Condition cause : null
2023-10-12 19:37:34,069 [WARN] PackLoader:240 - Cannot read IP mode file for STMicroelectronics.X-CUBE-SFXS2LP1.4.0.0
2023-10-12 19:37:34,082 [WARN] PackLoader:240 - Cannot read IP mode file for STMicroelectronics.X-CUBE-AZRTOS-H7.3.0.0
2023-10-12 19:37:34,087 [WARN] PackLoader:240 - Cannot read IP mode file for STMicroelectronics.X-CUBE-ISPU.1.1.0
2023-10-12 19:37:34,092 [WARN] PackLoader:240 - Cannot read IP mode file for RoweBots.I-CUBE-UNISONRTOS.5.5.0-4
2023-10-12 19:37:34,096 [WARN] PackLoader:240 - Cannot read IP mode file for STMicroelectronics.X-CUBE-AI.8.0.0
2023-10-12 19:37:34,103 [WARN] ConditionMgr:438 - getConditionDescription Invalid condition id : UX DEVICE CLASS RTOS Condition cause : null
2023-10-12 19:37:34,103 [WARN] ConditionMgr:438 - getConditionDescription Invalid condition id : UX DEVICE CLASS RTOS Condition cause : null
2023-10-12 19:37:34,105 [WARN] PackLoader:240 - Cannot read IP mode file for STMicroelectronics.X-CUBE-AZRTOS-WB.2.0.0
2023-10-12 19:37:34,105 [WARN] ConditionMgr:1039 - genDependencies : Invalid condition id : UX DEVICE CLASS RTOS Condition cause : null
2023-10-12 19:37:34,105 [WARN] ConditionMgr:1039 - genDependencies : Invalid condition id : UX DEVICE CLASS RTOS Condition cause : null
2023-10-12 19:37:34,106 [WARN] ConditionMgr:1039 - genDependencies : Invalid condition id : UX DEVICE CLASS RTOS Condition cause : null
2023-10-12 19:37:34,106 [WARN] ConditionMgr:1039 - genDependencies : Invalid condition id : UX DEVICE CLASS RTOS Condition cause : null
2023-10-12 19:37:34,106 [WARN] ConditionMgr:1039 - genDependencies : Invalid condition id : UX DEVICE CLASS RTOS Condition cause : null
2023-10-12 19:37:34,110 [WARN] PackLoader:240 - Cannot read IP mode file for STMicroelectronics.X-CUBE-FREERTOS.1.0.0
2023-10-12 19:37:34,119 [WARN] PackLoader:240 - Cannot read IP mode file for STMicroelectronics.X-CUBE-AZRTOS-L5.1.1.0
2023-10-12 19:37:34,127 [WARN] PackLoader:240 - Cannot read IP mode file for STMicroelectronics.X-CUBE-SUBG2.5.0.0
2023-10-12 19:37:34,136 [WARN] PackLoader:240 - Cannot read IP mode file for STMicroelectronics.X-CUBE-TOF1.3.3.1
2023-10-12 19:37:34,151 [WARN] PackLoader:240 - Cannot read IP mode file for STMicroelectronics.X-CUBE-AZRTOS-G4.2.0.0
2023-10-12 19:37:34,156 [WARN] PackLoader:240 - Cannot read IP mode file for STMicroelectronics.FP-ATR-ASTRA1.1.1.1
2023-10-12 19:37:34,164 [WARN] PackLoader:240 - Cannot read IP mode file for Infineon.AIROC-Wi-Fi-Bluetooth-STM32.1.5.1
2023-10-12 19:37:34,175 [WARN] PackLoader:240 - Cannot read IP mode file for STMicroelectronics.X-CUBE-AZRTOS-G4.1.0.0
2023-10-12 19:37:34,186 [WARN] PackLoader:240 - Cannot read IP mode file for STMicroelectronics.X-CUBE-AZRTOS-L4.1.0.0
2023-10-12 19:37:34,194 [WARN] PackLoader:240 - Cannot read IP mode file for STMicroelectronics.X-CUBE-FREERTOS.1.1.0
2023-10-12 19:37:34,203 [WARN] PackLoader:240 - Cannot read IP mode file for STMicroelectronics.X-CUBE-AZRTOS-WL.1.0.0
2023-10-12 19:37:34,209 [WARN] PackLoader:240 - Cannot read IP mode file for portGmbH.I-Cube-SoM-uGOAL.1.1.0
2023-10-12 19:37:34,213 [WARN] PackLoader:240 - Cannot read IP mode file for STMicroelectronics.X-CUBE-ALS.1.0.1
2023-10-12 19:37:34,223 [WARN] PackLoader:240 - Cannot read IP mode file for STMicroelectronics.X-CUBE-AZRTOS-WB.1.1.0
2023-10-12 19:37:34,228 [WARN] PackLoader:240 - Cannot read IP mode file for STMicroelectronics.FP-ATR-ASTRA1.2.0.0
2023-10-12 19:37:34,229 [INFO] ThirdParty:978 - Integrity check success = true
2023-10-12 19:37:34,229 [INFO] IntegrityCheckThread:100 - exiting critical section [integrity check]
2023-10-12 19:37:34,229 [INFO] IntegrityCheckThread:103 - End integrity checks thread
2023-10-12 19:37:52,118 [ERROR] LogOutputStream:75 - [STDERR_REDIRECT] SLF4J: Failed to load class "org.slf4j.impl.StaticLoggerBinder".
2023-10-12 19:37:52,118 [ERROR] LogOutputStream:75 - [STDERR_REDIRECT] SLF4J: Defaulting to no-operation (NOP) logger implementation
2023-10-12 19:37:52,120 [ERROR] LogOutputStream:75 - [STDERR_REDIRECT] SLF4J: See http://www.slf4j.org/codes.html#StaticLoggerBinder for further details.
